[INFO ] 2024-01-17 15:08:06.729 [main] ContactUsFormSteps - Chilternoak Furniture Homepage
[INFO ] 2024-01-17 15:08:10.847 [main] ContactUsFormSteps - Clicking on ContactUs link
[INFO ] 2024-01-17 15:08:17.491 [main] ContactUsFormSteps - Capturing the title of the page
[INFO ] 2024-01-17 15:08:17.598 [main] ContactUsFormSteps - Entering the name
[INFO ] 2024-01-17 15:08:19.802 [main] ContactUsFormSteps - Entering the mail
[INFO ] 2024-01-17 15:08:21.978 [main] ContactUsFormSteps - Entering the Phone
[INFO ] 2024-01-17 15:08:24.168 [main] ContactUsFormSteps - Entering the message
[INFO ] 2024-01-17 15:08:26.337 [main] ContactUsFormSteps - Click on the send button
[INFO ] 2024-01-17 15:08:42.506 [main] ContactUsFormSteps - Chilternoak Furniture Homepage
[INFO ] 2024-01-17 15:08:44.776 [main] ContactUsFormSteps - Clicking on ContactUs link
[INFO ] 2024-01-17 15:08:49.360 [main] ContactUsFormSteps - Capturing the title of the page
[INFO ] 2024-01-17 15:08:49.408 [main] ContactUsFormSteps - Entering the name
[INFO ] 2024-01-17 15:08:51.542 [main] ContactUsFormSteps - Entering the mail
[INFO ] 2024-01-17 15:08:53.597 [main] ContactUsFormSteps - Entering the Phone
[INFO ] 2024-01-17 15:08:55.667 [main] ContactUsFormSteps - Entering the message
[INFO ] 2024-01-17 15:08:57.979 [main] ContactUsFormSteps - Click on the send button
[INFO ] 2024-01-17 15:09:14.117 [main] ContactUsFormSteps - Chilternoak Furniture Homepage
[INFO ] 2024-01-17 15:09:16.928 [main] ContactUsFormSteps - Clicking on ContactUs link
[INFO ] 2024-01-17 15:09:21.102 [main] ContactUsFormSteps - Capturing the title of the page
[INFO ] 2024-01-17 15:09:21.120 [main] ContactUsFormSteps - Entering the name
[INFO ] 2024-01-17 15:09:23.184 [main] ContactUsFormSteps - Entering the mail
[INFO ] 2024-01-17 15:09:25.353 [main] ContactUsFormSteps - Entering the Phone
[INFO ] 2024-01-17 15:09:27.417 [main] ContactUsFormSteps - Entering the message
[INFO ] 2024-01-17 15:09:29.484 [main] ContactUsFormSteps - Click on the send button
[INFO ] 2024-01-17 15:09:47.787 [main] ContactUsFormSteps - Chilternoak Furniture Homepage
[INFO ] 2024-01-17 15:09:51.803 [main] ContactUsFormSteps - Clicking on ContactUs link
[INFO ] 2024-01-17 15:09:56.293 [main] ContactUsFormSteps - Capturing the title of the page
[INFO ] 2024-01-17 15:09:56.315 [main] ContactUsFormSteps - Entering the name
[INFO ] 2024-01-17 15:09:58.388 [main] ContactUsFormSteps - Entering the mail
[INFO ] 2024-01-17 15:10:00.470 [main] ContactUsFormSteps - Entering the Phone
[INFO ] 2024-01-17 15:10:02.552 [main] ContactUsFormSteps - Entering the message
[INFO ] 2024-01-17 15:10:04.638 [main] ContactUsFormSteps - Click on the send button
[INFO ] 2024-01-17 15:10:20.823 [main] ContactUsFormSteps - Chilternoak Furniture Homepage
[INFO ] 2024-01-17 15:10:24.339 [main] ContactUsFormSteps - Clicking on ContactUs link
[INFO ] 2024-01-17 15:10:29.665 [main] ContactUsFormSteps - Capturing the title of the page
[INFO ] 2024-01-17 15:10:29.694 [main] ContactUsFormSteps - Entering the name
[INFO ] 2024-01-17 15:10:31.787 [main] ContactUsFormSteps - Entering the mail
[INFO ] 2024-01-17 15:10:33.854 [main] ContactUsFormSteps - Entering the Phone
[INFO ] 2024-01-17 15:10:35.938 [main] ContactUsFormSteps - Entering the message
[INFO ] 2024-01-17 15:10:38.011 [main] ContactUsFormSteps - Click on the send button
[INFO ] 2024-01-17 16:25:55.921 [main] ContactUsFormSteps - Chilternoak Furniture Homepage
[INFO ] 2024-01-17 16:26:00.002 [main] ContactUsFormSteps - Clicking on ContactUs link
[INFO ] 2024-01-17 16:26:02.088 [main] ContactUsFormSteps - Chilternoak Furniture Homepage
[INFO ] 2024-01-17 16:26:02.137 [main] ContactUsFormSteps - Chilternoak Furniture Homepage
[INFO ] 2024-01-17 16:26:02.211 [main] ContactUsFormSteps - Chilternoak Furniture Homepage
[INFO ] 2024-01-17 16:26:02.293 [main] ContactUsFormSteps - Chilternoak Furniture Homepage
[INFO ] 2024-01-17 16:26:17.376 [main] ContactUsFormSteps - Chilternoak Furniture Homepage
[INFO ] 2024-01-17 16:26:32.113 [main] ContactUsFormSteps - Clicking on ContactUs link
[INFO ] 2024-01-17 16:26:38.285 [main] ContactUsFormSteps - Capturing the title of the page
[INFO ] 2024-01-17 16:26:38.342 [main] ContactUsFormSteps - Entering the name
[INFO ] 2024-01-17 16:26:40.528 [main] ContactUsFormSteps - Entering the mail
[INFO ] 2024-01-17 16:26:42.607 [main] ContactUsFormSteps - Entering the Phone
[INFO ] 2024-01-17 16:26:44.716 [main] ContactUsFormSteps - Entering the message
[INFO ] 2024-01-17 16:26:46.810 [main] ContactUsFormSteps - Click on the send button
[INFO ] 2024-01-17 16:27:03.006 [main] ContactUsFormSteps - Chilternoak Furniture Homepage
[INFO ] 2024-01-17 16:27:08.102 [main] ContactUsFormSteps - Clicking on ContactUs link
[INFO ] 2024-01-17 16:27:12.924 [main] ContactUsFormSteps - Capturing the title of the page
[INFO ] 2024-01-17 16:27:12.947 [main] ContactUsFormSteps - Entering the name
[INFO ] 2024-01-17 16:27:15.043 [main] ContactUsFormSteps - Entering the mail
[INFO ] 2024-01-17 16:27:17.091 [main] ContactUsFormSteps - Entering the Phone
[INFO ] 2024-01-17 16:27:19.165 [main] ContactUsFormSteps - Entering the message
[INFO ] 2024-01-17 16:27:21.257 [main] ContactUsFormSteps - Click on the send button
[INFO ] 2024-01-17 16:27:37.381 [main] ContactUsFormSteps - Chilternoak Furniture Homepage
[INFO ] 2024-01-17 16:27:50.613 [main] ContactUsFormSteps - Clicking on ContactUs link
[INFO ] 2024-01-17 16:28:06.051 [main] ContactUsFormSteps - Capturing the title of the page
[INFO ] 2024-01-17 16:28:06.060 [main] ContactUsFormSteps - Entering the name
[INFO ] 2024-01-17 16:28:08.159 [main] ContactUsFormSteps - Entering the mail
[INFO ] 2024-01-17 16:28:10.210 [main] ContactUsFormSteps - Entering the Phone
[INFO ] 2024-01-17 16:28:12.266 [main] ContactUsFormSteps - Entering the message
[INFO ] 2024-01-17 16:28:14.318 [main] ContactUsFormSteps - Click on the send button
[INFO ] 2024-01-17 16:28:30.541 [main] ContactUsFormSteps - Chilternoak Furniture Homepage
[INFO ] 2024-01-17 16:28:35.923 [main] ContactUsFormSteps - Clicking on ContactUs link
[INFO ] 2024-01-17 16:28:40.472 [main] ContactUsFormSteps - Capturing the title of the page
[INFO ] 2024-01-17 16:28:40.497 [main] ContactUsFormSteps - Entering the name
[INFO ] 2024-01-17 16:28:42.607 [main] ContactUsFormSteps - Entering the mail
[INFO ] 2024-01-17 16:28:44.706 [main] ContactUsFormSteps - Entering the Phone
[INFO ] 2024-01-17 16:28:46.792 [main] ContactUsFormSteps - Entering the message
[INFO ] 2024-01-17 16:28:48.883 [main] ContactUsFormSteps - Click on the send button
[INFO ] 2024-01-17 16:29:08.422 [main] ContactUsFormSteps - Chilternoak Furniture Homepage
[INFO ] 2024-01-17 16:29:12.439 [main] ContactUsFormSteps - Clicking on ContactUs link
[INFO ] 2024-01-17 16:29:19.026 [main] ContactUsFormSteps - Capturing the title of the page
[INFO ] 2024-01-17 16:29:19.067 [main] ContactUsFormSteps - Entering the name
[INFO ] 2024-01-17 16:29:21.157 [main] ContactUsFormSteps - Entering the mail
[INFO ] 2024-01-17 16:29:23.241 [main] ContactUsFormSteps - Entering the Phone
[INFO ] 2024-01-17 16:29:25.320 [main] ContactUsFormSteps - Entering the message
[INFO ] 2024-01-17 16:29:27.401 [main] ContactUsFormSteps - Click on the send button
[INFO ] 2024-01-17 17:16:31.202 [main] ContactUsFormSteps - Chilternoak Furniture Homepage
[INFO ] 2024-01-17 17:16:42.462 [main] ContactUsFormSteps - Clicking on ContactUs link
[INFO ] 2024-01-17 17:16:56.537 [main] ContactUsFormSteps - Capturing the title of the page
[INFO ] 2024-01-17 17:16:56.600 [main] ContactUsFormSteps - Entering the name
[INFO ] 2024-01-17 17:16:58.795 [main] ContactUsFormSteps - Entering the mail
[INFO ] 2024-01-17 17:17:01.082 [main] ContactUsFormSteps - Entering the Phone
[INFO ] 2024-01-17 17:17:03.222 [main] ContactUsFormSteps - Entering the message
[INFO ] 2024-01-17 17:17:05.405 [main] ContactUsFormSteps - Click on the send button
[INFO ] 2024-01-17 17:17:21.754 [main] ContactUsFormSteps - Chilternoak Furniture Homepage
[INFO ] 2024-01-17 17:17:24.202 [main] ContactUsFormSteps - Clicking on ContactUs link
[INFO ] 2024-01-17 17:17:31.658 [main] ContactUsFormSteps - Capturing the title of the page
[INFO ] 2024-01-17 17:17:31.682 [main] ContactUsFormSteps - Entering the name
[INFO ] 2024-01-17 17:17:33.868 [main] ContactUsFormSteps - Entering the mail
[INFO ] 2024-01-17 17:17:35.988 [main] ContactUsFormSteps - Entering the Phone
[INFO ] 2024-01-17 17:17:38.134 [main] ContactUsFormSteps - Entering the message
[INFO ] 2024-01-17 17:17:40.275 [main] ContactUsFormSteps - Click on the send button
[INFO ] 2024-01-17 17:17:56.487 [main] ContactUsFormSteps - Chilternoak Furniture Homepage
[INFO ] 2024-01-17 17:17:58.990 [main] ContactUsFormSteps - Clicking on ContactUs link
[INFO ] 2024-01-17 17:18:17.646 [main] ContactUsFormSteps - Capturing the title of the page
[INFO ] 2024-01-17 17:18:17.674 [main] ContactUsFormSteps - Entering the name
[INFO ] 2024-01-17 17:18:19.785 [main] ContactUsFormSteps - Entering the mail
[INFO ] 2024-01-17 17:18:21.882 [main] ContactUsFormSteps - Entering the Phone
[INFO ] 2024-01-17 17:18:23.970 [main] ContactUsFormSteps - Entering the message
[INFO ] 2024-01-17 17:18:26.090 [main] ContactUsFormSteps - Click on the send button
[INFO ] 2024-01-17 17:18:42.700 [main] ContactUsFormSteps - Chilternoak Furniture Homepage
[INFO ] 2024-01-17 17:19:01.262 [main] ContactUsFormSteps - Clicking on ContactUs link
[INFO ] 2024-01-17 17:19:08.844 [main] ContactUsFormSteps - Capturing the title of the page
[INFO ] 2024-01-17 17:19:08.863 [main] ContactUsFormSteps - Entering the name
[INFO ] 2024-01-17 17:19:11.033 [main] ContactUsFormSteps - Entering the mail
[INFO ] 2024-01-17 17:19:13.155 [main] ContactUsFormSteps - Entering the Phone
[INFO ] 2024-01-17 17:19:15.292 [main] ContactUsFormSteps - Entering the message
[INFO ] 2024-01-17 17:19:17.463 [main] ContactUsFormSteps - Click on the send button
[INFO ] 2024-01-17 17:19:33.766 [main] ContactUsFormSteps - Chilternoak Furniture Homepage
[INFO ] 2024-01-17 17:19:39.071 [main] ContactUsFormSteps - Clicking on ContactUs link
[INFO ] 2024-01-17 17:19:46.317 [main] ContactUsFormSteps - Capturing the title of the page
[INFO ] 2024-01-17 17:19:46.339 [main] ContactUsFormSteps - Entering the name
[INFO ] 2024-01-17 17:19:48.495 [main] ContactUsFormSteps - Entering the mail
[INFO ] 2024-01-17 17:19:50.664 [main] ContactUsFormSteps - Entering the Phone
[INFO ] 2024-01-17 17:19:52.848 [main] ContactUsFormSteps - Entering the message
[INFO ] 2024-01-17 17:19:54.988 [main] ContactUsFormSteps - Click on the send button
[INFO ] 2024-01-17 19:53:48.779 [main] ContactUsFormSteps - Chilternoak Furniture Homepage
[INFO ] 2024-01-17 19:54:02.272 [main] ContactUsFormSteps - Clicking on ContactUs link
[INFO ] 2024-01-17 19:54:08.865 [main] ContactUsFormSteps - Capturing the title of the page
[INFO ] 2024-01-17 19:54:08.875 [main] ContactUsFormSteps - Entering the name
[INFO ] 2024-01-17 19:54:10.980 [main] ContactUsFormSteps - Entering the mail
[INFO ] 2024-01-17 19:54:13.048 [main] ContactUsFormSteps - Entering the Phone
[INFO ] 2024-01-17 19:54:15.127 [main] ContactUsFormSteps - Entering the message
[INFO ] 2024-01-17 19:54:17.229 [main] ContactUsFormSteps - Click on the send button
[INFO ] 2024-01-17 19:54:33.364 [main] ContactUsFormSteps - Chilternoak Furniture Homepage
[INFO ] 2024-01-17 19:54:43.925 [main] ContactUsFormSteps - Clicking on ContactUs link
[INFO ] 2024-01-17 19:54:52.055 [main] ContactUsFormSteps - Capturing the title of the page
[INFO ] 2024-01-17 19:54:52.062 [main] ContactUsFormSteps - Entering the name
[INFO ] 2024-01-17 19:54:54.165 [main] ContactUsFormSteps - Entering the mail
[INFO ] 2024-01-17 19:54:56.232 [main] ContactUsFormSteps - Entering the Phone
[INFO ] 2024-01-17 19:54:58.305 [main] ContactUsFormSteps - Entering the message
[INFO ] 2024-01-17 19:55:00.398 [main] ContactUsFormSteps - Click on the send button
[INFO ] 2024-01-17 19:55:20.151 [main] ContactUsFormSteps - Chilternoak Furniture Homepage
[INFO ] 2024-01-17 19:55:24.124 [main] ContactUsFormSteps - Clicking on ContactUs link
[INFO ] 2024-01-17 19:55:29.392 [main] ContactUsFormSteps - Capturing the title of the page
[INFO ] 2024-01-17 19:55:29.400 [main] ContactUsFormSteps - Entering the name
[INFO ] 2024-01-17 19:55:31.488 [main] ContactUsFormSteps - Entering the mail
[INFO ] 2024-01-17 19:55:33.542 [main] ContactUsFormSteps - Entering the Phone
[INFO ] 2024-01-17 19:55:35.614 [main] ContactUsFormSteps - Entering the message
[INFO ] 2024-01-17 19:55:37.679 [main] ContactUsFormSteps - Click on the send button
[INFO ] 2024-01-17 19:55:53.864 [main] ContactUsFormSteps - Chilternoak Furniture Homepage
[INFO ] 2024-01-17 19:55:55.709 [main] ContactUsFormSteps - Clicking on ContactUs link
[INFO ] 2024-01-17 19:55:58.764 [main] ContactUsFormSteps - Capturing the title of the page
[INFO ] 2024-01-17 19:55:58.768 [main] ContactUsFormSteps - Entering the name
[INFO ] 2024-01-17 19:56:00.850 [main] ContactUsFormSteps - Entering the mail
[INFO ] 2024-01-17 19:56:02.933 [main] ContactUsFormSteps - Entering the Phone
[INFO ] 2024-01-17 19:56:05.031 [main] ContactUsFormSteps - Entering the message
[INFO ] 2024-01-17 19:56:07.121 [main] ContactUsFormSteps - Click on the send button
[INFO ] 2024-01-17 19:56:23.318 [main] ContactUsFormSteps - Chilternoak Furniture Homepage
[INFO ] 2024-01-17 19:56:26.717 [main] ContactUsFormSteps - Clicking on ContactUs link
[INFO ] 2024-01-17 19:56:29.860 [main] ContactUsFormSteps - Capturing the title of the page
[INFO ] 2024-01-17 19:56:29.869 [main] ContactUsFormSteps - Entering the name
[INFO ] 2024-01-17 19:56:31.971 [main] ContactUsFormSteps - Entering the mail
[INFO ] 2024-01-17 19:56:34.058 [main] ContactUsFormSteps - Entering the Phone
[INFO ] 2024-01-17 19:56:36.137 [main] ContactUsFormSteps - Entering the message
[INFO ] 2024-01-17 19:56:38.220 [main] ContactUsFormSteps - Click on the send button
[INFO ] 2024-01-17 20:10:03.007 [main] ContactUsFormSteps - Chilternoak Furniture Homepage
[INFO ] 2024-01-17 20:10:10.146 [main] ContactUsFormSteps - Clicking on ContactUs link
[INFO ] 2024-01-17 20:10:22.987 [main] ContactUsFormSteps - Capturing the title of the page
[INFO ] 2024-01-17 20:10:23.010 [main] ContactUsFormSteps - Entering the name
[INFO ] 2024-01-17 20:10:25.108 [main] ContactUsFormSteps - Entering the mail
[INFO ] 2024-01-17 20:10:27.180 [main] ContactUsFormSteps - Entering the Phone
[INFO ] 2024-01-17 20:10:29.248 [main] ContactUsFormSteps - Entering the message
[INFO ] 2024-01-17 20:10:31.333 [main] ContactUsFormSteps - Click on the send button
[INFO ] 2024-01-17 20:10:47.492 [main] ContactUsFormSteps - Chilternoak Furniture Homepage
[INFO ] 2024-01-17 20:10:49.606 [main] ContactUsFormSteps - Clicking on ContactUs link
[INFO ] 2024-01-17 20:10:52.730 [main] ContactUsFormSteps - Capturing the title of the page
[INFO ] 2024-01-17 20:10:52.753 [main] ContactUsFormSteps - Entering the name
[INFO ] 2024-01-17 20:10:54.900 [main] ContactUsFormSteps - Entering the mail
[INFO ] 2024-01-17 20:10:56.960 [main] ContactUsFormSteps - Entering the Phone
[INFO ] 2024-01-17 20:10:59.022 [main] ContactUsFormSteps - Entering the message
[INFO ] 2024-01-17 20:11:01.107 [main] ContactUsFormSteps - Click on the send button
[INFO ] 2024-01-17 20:11:17.237 [main] ContactUsFormSteps - Chilternoak Furniture Homepage
[INFO ] 2024-01-17 20:11:26.757 [main] ContactUsFormSteps - Clicking on ContactUs link
[INFO ] 2024-01-17 20:11:32.356 [main] ContactUsFormSteps - Capturing the title of the page
[INFO ] 2024-01-17 20:11:32.376 [main] ContactUsFormSteps - Entering the name
[INFO ] 2024-01-17 20:11:34.476 [main] ContactUsFormSteps - Entering the mail
[INFO ] 2024-01-17 20:11:36.556 [main] ContactUsFormSteps - Entering the Phone
[INFO ] 2024-01-17 20:11:38.620 [main] ContactUsFormSteps - Entering the message
[INFO ] 2024-01-17 20:11:40.696 [main] ContactUsFormSteps - Click on the send button
[INFO ] 2024-01-17 20:11:56.830 [main] ContactUsFormSteps - Chilternoak Furniture Homepage
[INFO ] 2024-01-17 20:12:02.850 [main] ContactUsFormSteps - Clicking on ContactUs link
[INFO ] 2024-01-17 20:12:13.352 [main] ContactUsFormSteps - Capturing the title of the page
[INFO ] 2024-01-17 20:12:13.360 [main] ContactUsFormSteps - Entering the name
[INFO ] 2024-01-17 20:12:15.435 [main] ContactUsFormSteps - Entering the mail
[INFO ] 2024-01-17 20:12:17.516 [main] ContactUsFormSteps - Entering the Phone
[INFO ] 2024-01-17 20:12:19.589 [main] ContactUsFormSteps - Entering the message
[INFO ] 2024-01-17 20:12:21.678 [main] ContactUsFormSteps - Click on the send button
[INFO ] 2024-01-17 20:12:37.830 [main] ContactUsFormSteps - Chilternoak Furniture Homepage
[INFO ] 2024-01-17 20:12:39.946 [main] ContactUsFormSteps - Clicking on ContactUs link
[INFO ] 2024-01-17 20:12:43.077 [main] ContactUsFormSteps - Capturing the title of the page
[INFO ] 2024-01-17 20:12:43.099 [main] ContactUsFormSteps - Entering the name
[INFO ] 2024-01-17 20:12:45.189 [main] ContactUsFormSteps - Entering the mail
[INFO ] 2024-01-17 20:12:47.263 [main] ContactUsFormSteps - Entering the Phone
[INFO ] 2024-01-17 20:12:49.347 [main] ContactUsFormSteps - Entering the message
[INFO ] 2024-01-17 20:12:51.442 [main] ContactUsFormSteps - Click on the send button
[INFO ] 2024-01-17 20:15:43.731 [main] ContactUsFormSteps - Chilternoak Furniture Homepage
[INFO ] 2024-01-17 20:16:22.518 [main] ContactUsFormSteps - Clicking on ContactUs link
[INFO ] 2024-01-17 20:16:28.750 [main] ContactUsFormSteps - Capturing the title of the page
[INFO ] 2024-01-17 20:16:28.765 [main] ContactUsFormSteps - Entering the name
[INFO ] 2024-01-17 20:16:30.869 [main] ContactUsFormSteps - Entering the mail
[INFO ] 2024-01-17 20:16:32.957 [main] ContactUsFormSteps - Entering the Phone
[INFO ] 2024-01-17 20:16:35.099 [main] ContactUsFormSteps - Entering the message
[INFO ] 2024-01-17 20:16:37.175 [main] ContactUsFormSteps - Click on the send button
[INFO ] 2024-01-17 20:16:57.454 [main] ContactUsFormSteps - Chilternoak Furniture Homepage
[INFO ] 2024-01-17 20:17:05.286 [main] ContactUsFormSteps - Clicking on ContactUs link
[INFO ] 2024-01-17 20:17:08.874 [main] ContactUsFormSteps - Capturing the title of the page
[INFO ] 2024-01-17 20:17:08.888 [main] ContactUsFormSteps - Entering the name
[INFO ] 2024-01-17 20:17:10.963 [main] ContactUsFormSteps - Entering the mail
[INFO ] 2024-01-17 20:17:13.027 [main] ContactUsFormSteps - Entering the Phone
[INFO ] 2024-01-17 20:17:15.094 [main] ContactUsFormSteps - Entering the message
[INFO ] 2024-01-17 20:17:17.181 [main] ContactUsFormSteps - Click on the send button
[INFO ] 2024-01-17 20:17:33.350 [main] ContactUsFormSteps - Chilternoak Furniture Homepage
[INFO ] 2024-01-17 20:17:35.899 [main] ContactUsFormSteps - Clicking on ContactUs link
[INFO ] 2024-01-17 20:17:40.607 [main] ContactUsFormSteps - Capturing the title of the page
[INFO ] 2024-01-17 20:17:40.623 [main] ContactUsFormSteps - Entering the name
[INFO ] 2024-01-17 20:17:42.700 [main] ContactUsFormSteps - Entering the mail
[INFO ] 2024-01-17 20:17:44.748 [main] ContactUsFormSteps - Entering the Phone
[INFO ] 2024-01-17 20:17:46.795 [main] ContactUsFormSteps - Entering the message
[INFO ] 2024-01-17 20:17:48.848 [main] ContactUsFormSteps - Click on the send button
[INFO ] 2024-01-17 20:18:22.493 [main] ContactUsFormSteps - Chilternoak Furniture Homepage
[INFO ] 2024-01-17 20:18:28.414 [main] ContactUsFormSteps - Clicking on ContactUs link
[INFO ] 2024-01-17 20:18:43.527 [main] ContactUsFormSteps - Capturing the title of the page
[INFO ] 2024-01-17 20:18:43.553 [main] ContactUsFormSteps - Entering the name
[INFO ] 2024-01-17 20:18:45.681 [main] ContactUsFormSteps - Entering the mail
[INFO ] 2024-01-17 20:18:47.777 [main] ContactUsFormSteps - Entering the Phone
[INFO ] 2024-01-17 20:18:49.865 [main] ContactUsFormSteps - Entering the message
[INFO ] 2024-01-17 20:18:51.966 [main] ContactUsFormSteps - Click on the send button
[INFO ] 2024-01-17 20:19:22.080 [main] ContactUsFormSteps - Chilternoak Furniture Homepage
[INFO ] 2024-01-17 20:19:24.485 [main] ContactUsFormSteps - Clicking on ContactUs link
[INFO ] 2024-01-17 20:19:27.796 [main] ContactUsFormSteps - Capturing the title of the page
[INFO ] 2024-01-17 20:19:27.811 [main] ContactUsFormSteps - Entering the name
[INFO ] 2024-01-17 20:19:29.883 [main] ContactUsFormSteps - Entering the mail
[INFO ] 2024-01-17 20:19:31.944 [main] ContactUsFormSteps - Entering the Phone
[INFO ] 2024-01-17 20:19:34.012 [main] ContactUsFormSteps - Entering the message
[INFO ] 2024-01-17 20:19:36.091 [main] ContactUsFormSteps - Click on the send button
[INFO ] 2024-01-17 20:28:08.776 [main] ContactUsFormSteps - Chilternoak Furniture Homepage
[INFO ] 2024-01-17 20:28:23.607 [main] ContactUsFormSteps - Clicking on ContactUs link
[INFO ] 2024-01-17 20:28:28.590 [main] ContactUsFormSteps - Capturing the title of the page
[INFO ] 2024-01-17 20:28:28.615 [main] ContactUsFormSteps - Entering the name
[INFO ] 2024-01-17 20:28:30.719 [main] ContactUsFormSteps - Entering the mail
[INFO ] 2024-01-17 20:28:32.795 [main] ContactUsFormSteps - Entering the Phone
[INFO ] 2024-01-17 20:28:34.875 [main] ContactUsFormSteps - Entering the message
[INFO ] 2024-01-17 20:28:36.946 [main] ContactUsFormSteps - Click on the send button
[INFO ] 2024-01-17 20:28:53.155 [main] ContactUsFormSteps - Chilternoak Furniture Homepage
[INFO ] 2024-01-17 20:28:57.103 [main] ContactUsFormSteps - Clicking on ContactUs link
[INFO ] 2024-01-17 20:29:05.729 [main] ContactUsFormSteps - Capturing the title of the page
[INFO ] 2024-01-17 20:29:05.749 [main] ContactUsFormSteps - Entering the name
[INFO ] 2024-01-17 20:29:07.833 [main] ContactUsFormSteps - Entering the mail
[INFO ] 2024-01-17 20:29:09.891 [main] ContactUsFormSteps - Entering the Phone
[INFO ] 2024-01-17 20:29:11.960 [main] ContactUsFormSteps - Entering the message
[INFO ] 2024-01-17 20:29:14.032 [main] ContactUsFormSteps - Click on the send button
[INFO ] 2024-01-17 20:29:30.159 [main] ContactUsFormSteps - Chilternoak Furniture Homepage
[INFO ] 2024-01-17 20:29:32.459 [main] ContactUsFormSteps - Clicking on ContactUs link
[INFO ] 2024-01-17 20:29:36.551 [main] ContactUsFormSteps - Capturing the title of the page
[INFO ] 2024-01-17 20:29:36.567 [main] ContactUsFormSteps - Entering the name
[INFO ] 2024-01-17 20:29:38.638 [main] ContactUsFormSteps - Entering the mail
[INFO ] 2024-01-17 20:29:40.704 [main] ContactUsFormSteps - Entering the Phone
[INFO ] 2024-01-17 20:29:42.755 [main] ContactUsFormSteps - Entering the message
[INFO ] 2024-01-17 20:29:44.824 [main] ContactUsFormSteps - Click on the send button
[INFO ] 2024-01-17 20:30:04.545 [main] ContactUsFormSteps - Chilternoak Furniture Homepage
[INFO ] 2024-01-17 20:30:04.573 [main] ContactUsFormSteps - Chilternoak Furniture Homepage
[INFO ] 2024-01-17 20:30:39.428 [main] ContactUsFormSteps - Chilternoak Furniture Homepage
[INFO ] 2024-01-17 20:30:54.022 [main] ContactUsFormSteps - Clicking on ContactUs link
[INFO ] 2024-01-17 20:30:59.107 [main] ContactUsFormSteps - Capturing the title of the page
[INFO ] 2024-01-17 20:30:59.127 [main] ContactUsFormSteps - Entering the name
[INFO ] 2024-01-17 20:31:01.247 [main] ContactUsFormSteps - Entering the mail
[INFO ] 2024-01-17 20:31:03.309 [main] ContactUsFormSteps - Entering the Phone
[INFO ] 2024-01-17 20:31:05.376 [main] ContactUsFormSteps - Entering the message
[INFO ] 2024-01-17 20:31:07.465 [main] ContactUsFormSteps - Click on the send button
[INFO ] 2024-01-17 20:31:23.655 [main] ContactUsFormSteps - Chilternoak Furniture Homepage
[INFO ] 2024-01-17 20:31:26.371 [main] ContactUsFormSteps - Clicking on ContactUs link
[INFO ] 2024-01-17 20:31:39.713 [main] ContactUsFormSteps - Capturing the title of the page
[INFO ] 2024-01-17 20:31:39.739 [main] ContactUsFormSteps - Entering the name
[INFO ] 2024-01-17 20:31:41.816 [main] ContactUsFormSteps - Entering the mail
[INFO ] 2024-01-17 20:31:43.872 [main] ContactUsFormSteps - Entering the Phone
[INFO ] 2024-01-17 20:31:45.952 [main] ContactUsFormSteps - Entering the message
[INFO ] 2024-01-17 20:31:48.016 [main] ContactUsFormSteps - Click on the send button
[INFO ] 2024-01-17 20:32:07.349 [main] ContactUsFormSteps - Chilternoak Furniture Homepage
[INFO ] 2024-01-17 20:32:12.772 [main] ContactUsFormSteps - Clicking on ContactUs link
[INFO ] 2024-01-17 20:32:16.363 [main] ContactUsFormSteps - Capturing the title of the page
[INFO ] 2024-01-17 20:32:16.382 [main] ContactUsFormSteps - Entering the name
[INFO ] 2024-01-17 20:32:18.460 [main] ContactUsFormSteps - Entering the mail
[INFO ] 2024-01-17 20:32:20.519 [main] ContactUsFormSteps - Entering the Phone
[INFO ] 2024-01-17 20:32:22.598 [main] ContactUsFormSteps - Entering the message
[INFO ] 2024-01-17 20:32:24.666 [main] ContactUsFormSteps - Click on the send button
[INFO ] 2024-01-17 20:32:43.522 [main] ContactUsFormSteps - Chilternoak Furniture Homepage
[INFO ] 2024-01-17 20:32:45.696 [main] ContactUsFormSteps - Clicking on ContactUs link
[INFO ] 2024-01-17 20:32:49.061 [main] ContactUsFormSteps - Capturing the title of the page
[INFO ] 2024-01-17 20:32:49.093 [main] ContactUsFormSteps - Entering the name
[INFO ] 2024-01-17 20:32:51.187 [main] ContactUsFormSteps - Entering the mail
[INFO ] 2024-01-17 20:32:53.262 [main] ContactUsFormSteps - Entering the Phone
[INFO ] 2024-01-17 20:32:55.334 [main] ContactUsFormSteps - Entering the message
[INFO ] 2024-01-17 20:32:57.410 [main] ContactUsFormSteps - Click on the send button
[INFO ] 2024-01-17 20:33:13.533 [main] ContactUsFormSteps - Chilternoak Furniture Homepage
[INFO ] 2024-01-17 20:33:20.103 [main] ContactUsFormSteps - Clicking on ContactUs link
[INFO ] 2024-01-17 20:33:23.455 [main] ContactUsFormSteps - Capturing the title of the page
[INFO ] 2024-01-17 20:33:23.467 [main] ContactUsFormSteps - Entering the name
[INFO ] 2024-01-17 20:33:25.546 [main] ContactUsFormSteps - Entering the mail
[INFO ] 2024-01-17 20:33:27.614 [main] ContactUsFormSteps - Entering the Phone
[INFO ] 2024-01-17 20:33:29.680 [main] ContactUsFormSteps - Entering the message
[INFO ] 2024-01-17 20:33:31.781 [main] ContactUsFormSteps - Click on the send button
[INFO ] 2024-01-17 20:37:08.794 [main] ContactUsFormSteps - Chilternoak Furniture Homepage
[INFO ] 2024-01-17 20:37:19.202 [main] ContactUsFormSteps - Clicking on ContactUs link
[INFO ] 2024-01-17 20:37:24.861 [main] ContactUsFormSteps - Capturing the title of the page
[INFO ] 2024-01-17 20:37:24.875 [main] ContactUsFormSteps - Entering the name
[INFO ] 2024-01-17 20:37:26.972 [main] ContactUsFormSteps - Entering the mail
[INFO ] 2024-01-17 20:37:29.055 [main] ContactUsFormSteps - Entering the Phone
[INFO ] 2024-01-17 20:37:31.123 [main] ContactUsFormSteps - Entering the message
[INFO ] 2024-01-17 20:37:33.213 [main] ContactUsFormSteps - Click on the send button
[INFO ] 2024-01-17 20:38:08.429 [main] ContactUsFormSteps - Chilternoak Furniture Homepage
[INFO ] 2024-01-17 20:38:11.212 [main] ContactUsFormSteps - Clicking on ContactUs link
[INFO ] 2024-01-17 20:38:16.096 [main] ContactUsFormSteps - Capturing the title of the page
[INFO ] 2024-01-17 20:38:16.111 [main] ContactUsFormSteps - Entering the name
[INFO ] 2024-01-17 20:38:18.210 [main] ContactUsFormSteps - Entering the mail
[INFO ] 2024-01-17 20:38:20.295 [main] ContactUsFormSteps - Entering the Phone
[INFO ] 2024-01-17 20:38:22.356 [main] ContactUsFormSteps - Entering the message
[INFO ] 2024-01-17 20:38:24.437 [main] ContactUsFormSteps - Click on the send button
[INFO ] 2024-01-17 20:38:40.616 [main] ContactUsFormSteps - Chilternoak Furniture Homepage
[INFO ] 2024-01-17 20:38:45.233 [main] ContactUsFormSteps - Clicking on ContactUs link
[INFO ] 2024-01-17 20:38:49.100 [main] ContactUsFormSteps - Capturing the title of the page
[INFO ] 2024-01-17 20:38:49.122 [main] ContactUsFormSteps - Entering the name
[INFO ] 2024-01-17 20:38:51.237 [main] ContactUsFormSteps - Entering the mail
[INFO ] 2024-01-17 20:38:53.308 [main] ContactUsFormSteps - Entering the Phone
[INFO ] 2024-01-17 20:38:55.368 [main] ContactUsFormSteps - Entering the message
[INFO ] 2024-01-17 20:38:57.448 [main] ContactUsFormSteps - Click on the send button
[INFO ] 2024-01-17 20:39:13.605 [main] ContactUsFormSteps - Chilternoak Furniture Homepage
[INFO ] 2024-01-17 20:39:15.474 [main] ContactUsFormSteps - Clicking on ContactUs link
[INFO ] 2024-01-17 20:39:19.339 [main] ContactUsFormSteps - Capturing the title of the page
[INFO ] 2024-01-17 20:39:19.373 [main] ContactUsFormSteps - Entering the name
[INFO ] 2024-01-17 20:39:21.459 [main] ContactUsFormSteps - Entering the mail
[INFO ] 2024-01-17 20:39:23.539 [main] ContactUsFormSteps - Entering the Phone
[INFO ] 2024-01-17 20:39:25.629 [main] ContactUsFormSteps - Entering the message
[INFO ] 2024-01-17 20:39:27.716 [main] ContactUsFormSteps - Click on the send button
[INFO ] 2024-01-17 20:39:46.035 [main] ContactUsFormSteps - Chilternoak Furniture Homepage
[INFO ] 2024-01-17 20:39:48.255 [main] ContactUsFormSteps - Clicking on ContactUs link
[INFO ] 2024-01-17 20:39:52.019 [main] ContactUsFormSteps - Capturing the title of the page
[INFO ] 2024-01-17 20:39:52.037 [main] ContactUsFormSteps - Entering the name
[INFO ] 2024-01-17 20:39:54.111 [main] ContactUsFormSteps - Entering the mail
[INFO ] 2024-01-17 20:39:56.179 [main] ContactUsFormSteps - Entering the Phone
[INFO ] 2024-01-17 20:39:58.247 [main] ContactUsFormSteps - Entering the message
[INFO ] 2024-01-17 20:40:00.309 [main] ContactUsFormSteps - Click on the send button
[INFO ] 2024-01-17 22:38:21.477 [main] ContactUsFormSteps - Chilternoak Furniture Homepage
[INFO ] 2024-01-17 22:38:28.992 [main] ContactUsFormSteps - Clicking on ContactUs link
[INFO ] 2024-01-17 22:38:34.592 [main] ContactUsFormSteps - Capturing the title of the page
[INFO ] 2024-01-17 22:38:34.648 [main] ContactUsFormSteps - Entering the name
[INFO ] 2024-01-17 22:38:36.822 [main] ContactUsFormSteps - Entering the mail
[INFO ] 2024-01-17 22:38:38.972 [main] ContactUsFormSteps - Entering the Phone
[INFO ] 2024-01-17 22:38:41.144 [main] ContactUsFormSteps - Entering the message
[INFO ] 2024-01-17 22:38:43.315 [main] ContactUsFormSteps - Click on the send button
[INFO ] 2024-01-17 22:38:59.605 [main] ContactUsFormSteps - Chilternoak Furniture Homepage
[INFO ] 2024-01-17 22:39:05.425 [main] ContactUsFormSteps - Clicking on ContactUs link
[INFO ] 2024-01-17 22:39:08.790 [main] ContactUsFormSteps - Capturing the title of the page
[INFO ] 2024-01-17 22:39:08.857 [main] ContactUsFormSteps - Entering the name
[INFO ] 2024-01-17 22:39:11.024 [main] ContactUsFormSteps - Entering the mail
[INFO ] 2024-01-17 22:39:13.182 [main] ContactUsFormSteps - Entering the Phone
[INFO ] 2024-01-17 22:39:15.338 [main] ContactUsFormSteps - Entering the message
[INFO ] 2024-01-17 22:39:17.494 [main] ContactUsFormSteps - Click on the send button
[INFO ] 2024-01-17 22:39:33.785 [main] ContactUsFormSteps - Chilternoak Furniture Homepage
[INFO ] 2024-01-17 22:39:36.971 [main] ContactUsFormSteps - Clicking on ContactUs link
[INFO ] 2024-01-17 22:39:40.918 [main] ContactUsFormSteps - Capturing the title of the page
[INFO ] 2024-01-17 22:39:40.959 [main] ContactUsFormSteps - Entering the name
[INFO ] 2024-01-17 22:39:43.074 [main] ContactUsFormSteps - Entering the mail
[INFO ] 2024-01-17 22:39:45.168 [main] ContactUsFormSteps - Entering the Phone
[INFO ] 2024-01-17 22:39:47.263 [main] ContactUsFormSteps - Entering the message
[INFO ] 2024-01-17 22:39:49.368 [main] ContactUsFormSteps - Click on the send button
[INFO ] 2024-01-17 22:40:08.405 [main] ContactUsFormSteps - Chilternoak Furniture Homepage
[INFO ] 2024-01-17 22:40:10.492 [main] ContactUsFormSteps - Clicking on ContactUs link
[INFO ] 2024-01-17 22:40:15.218 [main] ContactUsFormSteps - Capturing the title of the page
[INFO ] 2024-01-17 22:40:15.227 [main] ContactUsFormSteps - Entering the name
[INFO ] 2024-01-17 22:40:17.307 [main] ContactUsFormSteps - Entering the mail
[INFO ] 2024-01-17 22:40:19.442 [main] ContactUsFormSteps - Entering the Phone
[INFO ] 2024-01-17 22:40:21.558 [main] ContactUsFormSteps - Entering the message
[INFO ] 2024-01-17 22:40:23.714 [main] ContactUsFormSteps - Click on the send button
[INFO ] 2024-01-17 22:40:41.683 [main] ContactUsFormSteps - Chilternoak Furniture Homepage
[INFO ] 2024-01-17 22:40:45.075 [main] ContactUsFormSteps - Clicking on ContactUs link
[INFO ] 2024-01-17 22:40:48.156 [main] ContactUsFormSteps - Capturing the title of the page
[INFO ] 2024-01-17 22:40:48.182 [main] ContactUsFormSteps - Entering the name
[INFO ] 2024-01-17 22:40:50.308 [main] ContactUsFormSteps - Entering the mail
[INFO ] 2024-01-17 22:40:52.441 [main] ContactUsFormSteps - Entering the Phone
[INFO ] 2024-01-17 22:40:54.596 [main] ContactUsFormSteps - Entering the message
[INFO ] 2024-01-17 22:40:56.721 [main] ContactUsFormSteps - Click on the send button
[INFO ] 2024-01-17 22:41:45.500 [main] ContactUsFormSteps - Chilternoak Furniture Homepage
[INFO ] 2024-01-17 22:41:52.313 [main] ContactUsFormSteps - Clicking on ContactUs link
[INFO ] 2024-01-17 22:41:58.099 [main] ContactUsFormSteps - Capturing the title of the page
[INFO ] 2024-01-17 22:41:58.125 [main] ContactUsFormSteps - Entering the name
[INFO ] 2024-01-17 22:42:00.281 [main] ContactUsFormSteps - Entering the mail
[INFO ] 2024-01-17 22:42:02.448 [main] ContactUsFormSteps - Entering the Phone
[INFO ] 2024-01-17 22:42:04.653 [main] ContactUsFormSteps - Entering the message
[INFO ] 2024-01-17 22:42:06.832 [main] ContactUsFormSteps - Click on the send button
[INFO ] 2024-01-17 22:42:23.042 [main] ContactUsFormSteps - Chilternoak Furniture Homepage
[INFO ] 2024-01-17 22:42:25.035 [main] ContactUsFormSteps - Clicking on ContactUs link
[INFO ] 2024-01-17 22:42:28.657 [main] ContactUsFormSteps - Capturing the title of the page
[INFO ] 2024-01-17 22:42:28.691 [main] ContactUsFormSteps - Entering the name
[INFO ] 2024-01-17 22:42:31.470 [main] ContactUsFormSteps - Entering the mail
[INFO ] 2024-01-17 22:42:33.652 [main] ContactUsFormSteps - Entering the Phone
[INFO ] 2024-01-17 22:42:35.795 [main] ContactUsFormSteps - Entering the message
[INFO ] 2024-01-17 22:42:37.968 [main] ContactUsFormSteps - Click on the send button
[INFO ] 2024-01-17 22:42:54.279 [main] ContactUsFormSteps - Chilternoak Furniture Homepage
[INFO ] 2024-01-17 22:42:58.092 [main] ContactUsFormSteps - Clicking on ContactUs link
[INFO ] 2024-01-17 22:43:01.713 [main] ContactUsFormSteps - Capturing the title of the page
[INFO ] 2024-01-17 22:43:01.757 [main] ContactUsFormSteps - Entering the name
[INFO ] 2024-01-17 22:43:03.853 [main] ContactUsFormSteps - Entering the mail
[INFO ] 2024-01-17 22:43:05.960 [main] ContactUsFormSteps - Entering the Phone
[INFO ] 2024-01-17 22:43:08.055 [main] ContactUsFormSteps - Entering the message
[INFO ] 2024-01-17 22:43:10.137 [main] ContactUsFormSteps - Click on the send button
[INFO ] 2024-01-17 22:43:28.400 [main] ContactUsFormSteps - Chilternoak Furniture Homepage
[INFO ] 2024-01-17 22:43:33.241 [main] ContactUsFormSteps - Clicking on ContactUs link
[INFO ] 2024-01-17 22:43:36.211 [main] ContactUsFormSteps - Capturing the title of the page
[INFO ] 2024-01-17 22:43:36.261 [main] ContactUsFormSteps - Entering the name
[INFO ] 2024-01-17 22:43:38.390 [main] ContactUsFormSteps - Entering the mail
[INFO ] 2024-01-17 22:43:40.520 [main] ContactUsFormSteps - Entering the Phone
[INFO ] 2024-01-17 22:43:42.648 [main] ContactUsFormSteps - Entering the message
[INFO ] 2024-01-17 22:43:44.785 [main] ContactUsFormSteps - Click on the send button
[INFO ] 2024-01-17 22:44:00.968 [main] ContactUsFormSteps - Chilternoak Furniture Homepage
[INFO ] 2024-01-17 22:44:05.438 [main] ContactUsFormSteps - Clicking on ContactUs link
[INFO ] 2024-01-17 22:44:09.747 [main] ContactUsFormSteps - Capturing the title of the page
[INFO ] 2024-01-17 22:44:09.762 [main] ContactUsFormSteps - Entering the name
[INFO ] 2024-01-17 22:44:11.906 [main] ContactUsFormSteps - Entering the mail
[INFO ] 2024-01-17 22:44:14.048 [main] ContactUsFormSteps - Entering the Phone
[INFO ] 2024-01-17 22:44:16.277 [main] ContactUsFormSteps - Entering the message
[INFO ] 2024-01-17 22:44:18.408 [main] ContactUsFormSteps - Click on the send button
[INFO ] 2024-01-17 23:14:09.724 [main] ContactUsFormSteps - Chilternoak Furniture Homepage
[INFO ] 2024-01-17 23:14:14.445 [main] ContactUsFormSteps - Clicking on ContactUs link
[INFO ] 2024-01-17 23:14:18.691 [main] ContactUsFormSteps - Capturing the title of the page
[INFO ] 2024-01-17 23:14:18.745 [main] ContactUsFormSteps - Entering the name
[INFO ] 2024-01-17 23:14:20.876 [main] ContactUsFormSteps - Entering the mail
[INFO ] 2024-01-17 23:14:23.034 [main] ContactUsFormSteps - Entering the Phone
[INFO ] 2024-01-17 23:14:25.146 [main] ContactUsFormSteps - Entering the message
[INFO ] 2024-01-17 23:14:27.309 [main] ContactUsFormSteps - Click on the send button
[INFO ] 2024-01-17 23:14:43.604 [main] ContactUsFormSteps - Chilternoak Furniture Homepage
[INFO ] 2024-01-17 23:14:46.787 [main] ContactUsFormSteps - Clicking on ContactUs link
[INFO ] 2024-01-17 23:14:50.669 [main] ContactUsFormSteps - Capturing the title of the page
[INFO ] 2024-01-17 23:14:50.695 [main] ContactUsFormSteps - Entering the name
[INFO ] 2024-01-17 23:14:52.875 [main] ContactUsFormSteps - Entering the mail
[INFO ] 2024-01-17 23:14:55.013 [main] ContactUsFormSteps - Entering the Phone
[INFO ] 2024-01-17 23:14:57.154 [main] ContactUsFormSteps - Entering the message
[INFO ] 2024-01-17 23:14:59.309 [main] ContactUsFormSteps - Click on the send button
[INFO ] 2024-01-17 23:15:15.728 [main] ContactUsFormSteps - Chilternoak Furniture Homepage
[INFO ] 2024-01-17 23:15:20.229 [main] ContactUsFormSteps - Clicking on ContactUs link
[INFO ] 2024-01-17 23:15:25.788 [main] ContactUsFormSteps - Capturing the title of the page
[INFO ] 2024-01-17 23:15:25.823 [main] ContactUsFormSteps - Entering the name
[INFO ] 2024-01-17 23:15:28.017 [main] ContactUsFormSteps - Entering the mail
[INFO ] 2024-01-17 23:15:30.176 [main] ContactUsFormSteps - Entering the Phone
[INFO ] 2024-01-17 23:15:32.305 [main] ContactUsFormSteps - Entering the message
[INFO ] 2024-01-17 23:15:34.410 [main] ContactUsFormSteps - Click on the send button
[INFO ] 2024-01-17 23:15:50.649 [main] ContactUsFormSteps - Chilternoak Furniture Homepage
[INFO ] 2024-01-17 23:15:55.041 [main] ContactUsFormSteps - Clicking on ContactUs link
[INFO ] 2024-01-17 23:16:00.289 [main] ContactUsFormSteps - Capturing the title of the page
[INFO ] 2024-01-17 23:16:00.328 [main] ContactUsFormSteps - Entering the name
[INFO ] 2024-01-17 23:16:02.462 [main] ContactUsFormSteps - Entering the mail
[INFO ] 2024-01-17 23:16:04.595 [main] ContactUsFormSteps - Entering the Phone
[INFO ] 2024-01-17 23:16:06.713 [main] ContactUsFormSteps - Entering the message
[INFO ] 2024-01-17 23:16:08.827 [main] ContactUsFormSteps - Click on the send button
[INFO ] 2024-01-17 23:16:24.999 [main] ContactUsFormSteps - Chilternoak Furniture Homepage
[INFO ] 2024-01-17 23:16:27.621 [main] ContactUsFormSteps - Clicking on ContactUs link
[INFO ] 2024-01-17 23:16:31.954 [main] ContactUsFormSteps - Capturing the title of the page
[INFO ] 2024-01-17 23:16:31.999 [main] ContactUsFormSteps - Entering the name
[INFO ] 2024-01-17 23:16:34.162 [main] ContactUsFormSteps - Entering the mail
[INFO ] 2024-01-17 23:16:36.367 [main] ContactUsFormSteps - Entering the Phone
[INFO ] 2024-01-17 23:16:38.500 [main] ContactUsFormSteps - Entering the message
[INFO ] 2024-01-17 23:16:40.681 [main] ContactUsFormSteps - Click on the send button
[INFO ] 2024-01-18 09:30:04.416 [main] ContactUsFormSteps - Chilternoak Furniture Homepage
[INFO ] 2024-01-18 09:30:10.000 [main] ContactUsFormSteps - Clicking on ContactUs link
[INFO ] 2024-01-18 09:30:14.408 [main] ContactUsFormSteps - Capturing the title of the page
[INFO ] 2024-01-18 09:30:14.467 [main] ContactUsFormSteps - Entering the name
[INFO ] 2024-01-18 09:30:16.991 [main] ContactUsFormSteps - Entering the mail
[INFO ] 2024-01-18 09:30:19.132 [main] ContactUsFormSteps - Entering the Phone
[INFO ] 2024-01-18 09:30:21.220 [main] ContactUsFormSteps - Entering the message
[INFO ] 2024-01-18 09:30:23.309 [main] ContactUsFormSteps - Click on the send button
[INFO ] 2024-01-18 09:30:39.484 [main] ContactUsFormSteps - Chilternoak Furniture Homepage
[INFO ] 2024-01-18 09:30:41.287 [main] ContactUsFormSteps - Clicking on ContactUs link
[INFO ] 2024-01-18 09:30:44.855 [main] ContactUsFormSteps - Capturing the title of the page
[INFO ] 2024-01-18 09:30:44.924 [main] ContactUsFormSteps - Entering the name
[INFO ] 2024-01-18 09:30:47.055 [main] ContactUsFormSteps - Entering the mail
[INFO ] 2024-01-18 09:30:49.135 [main] ContactUsFormSteps - Entering the Phone
[INFO ] 2024-01-18 09:30:51.227 [main] ContactUsFormSteps - Entering the message
[INFO ] 2024-01-18 09:30:53.325 [main] ContactUsFormSteps - Click on the send button
[INFO ] 2024-01-18 09:31:09.601 [main] ContactUsFormSteps - Chilternoak Furniture Homepage
[INFO ] 2024-01-18 09:31:11.802 [main] ContactUsFormSteps - Clicking on ContactUs link
[INFO ] 2024-01-18 09:31:15.554 [main] ContactUsFormSteps - Capturing the title of the page
[INFO ] 2024-01-18 09:31:15.615 [main] ContactUsFormSteps - Entering the name
[INFO ] 2024-01-18 09:31:18.222 [main] ContactUsFormSteps - Entering the mail
[INFO ] 2024-01-18 09:31:20.289 [main] ContactUsFormSteps - Entering the Phone
[INFO ] 2024-01-18 09:31:22.359 [main] ContactUsFormSteps - Entering the message
[INFO ] 2024-01-18 09:31:24.425 [main] ContactUsFormSteps - Click on the send button
[INFO ] 2024-01-18 09:31:40.649 [main] ContactUsFormSteps - Chilternoak Furniture Homepage
[INFO ] 2024-01-18 09:31:42.364 [main] ContactUsFormSteps - Clicking on ContactUs link
[INFO ] 2024-01-18 09:31:46.004 [main] ContactUsFormSteps - Capturing the title of the page
[INFO ] 2024-01-18 09:31:46.040 [main] ContactUsFormSteps - Entering the name
[INFO ] 2024-01-18 09:31:48.141 [main] ContactUsFormSteps - Entering the mail
[INFO ] 2024-01-18 09:31:50.235 [main] ContactUsFormSteps - Entering the Phone
[INFO ] 2024-01-18 09:31:52.317 [main] ContactUsFormSteps - Entering the message
[INFO ] 2024-01-18 09:31:54.409 [main] ContactUsFormSteps - Click on the send button
[INFO ] 2024-01-18 09:32:10.536 [main] ContactUsFormSteps - Chilternoak Furniture Homepage
[INFO ] 2024-01-18 09:32:12.559 [main] ContactUsFormSteps - Clicking on ContactUs link
[INFO ] 2024-01-18 09:32:16.011 [main] ContactUsFormSteps - Capturing the title of the page
[INFO ] 2024-01-18 09:32:16.045 [main] ContactUsFormSteps - Entering the name
[INFO ] 2024-01-18 09:32:18.161 [main] ContactUsFormSteps - Entering the mail
[INFO ] 2024-01-18 09:32:20.257 [main] ContactUsFormSteps - Entering the Phone
[INFO ] 2024-01-18 09:32:22.356 [main] ContactUsFormSteps - Entering the message
[INFO ] 2024-01-18 09:32:24.438 [main] ContactUsFormSteps - Click on the send button
[INFO ] 2024-01-18 09:42:59.732 [main] ContactUsFormSteps - Chilternoak Furniture Homepage
[INFO ] 2024-01-18 09:43:03.233 [main] ContactUsFormSteps - Clicking on ContactUs link
[INFO ] 2024-01-18 09:43:07.508 [main] ContactUsFormSteps - Capturing the title of the page
[INFO ] 2024-01-18 09:43:07.537 [main] ContactUsFormSteps - Entering the name
[INFO ] 2024-01-18 09:43:09.650 [main] ContactUsFormSteps - Entering the mail
[INFO ] 2024-01-18 09:43:11.749 [main] ContactUsFormSteps - Entering the Phone
[INFO ] 2024-01-18 09:43:13.825 [main] ContactUsFormSteps - Entering the message
[INFO ] 2024-01-18 09:43:15.937 [main] ContactUsFormSteps - Click on the send button
[INFO ] 2024-01-18 09:43:32.135 [main] ContactUsFormSteps - Chilternoak Furniture Homepage
[INFO ] 2024-01-18 09:43:34.655 [main] ContactUsFormSteps - Clicking on ContactUs link
[INFO ] 2024-01-18 09:43:38.246 [main] ContactUsFormSteps - Capturing the title of the page
[INFO ] 2024-01-18 09:43:38.261 [main] ContactUsFormSteps - Entering the name
[INFO ] 2024-01-18 09:43:40.348 [main] ContactUsFormSteps - Entering the mail
[INFO ] 2024-01-18 09:43:42.447 [main] ContactUsFormSteps - Entering the Phone
[INFO ] 2024-01-18 09:43:44.537 [main] ContactUsFormSteps - Entering the message
[INFO ] 2024-01-18 09:43:46.616 [main] ContactUsFormSteps - Click on the send button
[INFO ] 2024-01-18 09:44:02.913 [main] ContactUsFormSteps - Chilternoak Furniture Homepage
[INFO ] 2024-01-18 09:44:05.485 [main] ContactUsFormSteps - Clicking on ContactUs link
[INFO ] 2024-01-18 09:44:08.978 [main] ContactUsFormSteps - Capturing the title of the page
[INFO ] 2024-01-18 09:44:08.995 [main] ContactUsFormSteps - Entering the name
[INFO ] 2024-01-18 09:44:11.049 [main] ContactUsFormSteps - Entering the mail
[INFO ] 2024-01-18 09:44:13.121 [main] ContactUsFormSteps - Entering the Phone
[INFO ] 2024-01-18 09:44:15.192 [main] ContactUsFormSteps - Entering the message
[INFO ] 2024-01-18 09:44:17.268 [main] ContactUsFormSteps - Click on the send button
[INFO ] 2024-01-18 09:44:35.135 [main] ContactUsFormSteps - Chilternoak Furniture Homepage
[INFO ] 2024-01-18 09:44:37.860 [main] ContactUsFormSteps - Clicking on ContactUs link
[INFO ] 2024-01-18 09:44:42.115 [main] ContactUsFormSteps - Capturing the title of the page
[INFO ] 2024-01-18 09:44:42.121 [main] ContactUsFormSteps - Entering the name
[INFO ] 2024-01-18 09:44:44.193 [main] ContactUsFormSteps - Entering the mail
[INFO ] 2024-01-18 09:44:46.261 [main] ContactUsFormSteps - Entering the Phone
[INFO ] 2024-01-18 09:44:48.337 [main] ContactUsFormSteps - Entering the message
[INFO ] 2024-01-18 09:44:50.416 [main] ContactUsFormSteps - Click on the send button
[INFO ] 2024-01-18 09:45:08.130 [main] ContactUsFormSteps - Chilternoak Furniture Homepage
[INFO ] 2024-01-18 09:45:11.325 [main] ContactUsFormSteps - Clicking on ContactUs link
[INFO ] 2024-01-18 09:45:16.278 [main] ContactUsFormSteps - Capturing the title of the page
[INFO ] 2024-01-18 09:45:16.287 [main] ContactUsFormSteps - Entering the name
[INFO ] 2024-01-18 09:45:18.411 [main] ContactUsFormSteps - Entering the mail
[INFO ] 2024-01-18 09:45:20.511 [main] ContactUsFormSteps - Entering the Phone
[INFO ] 2024-01-18 09:45:22.603 [main] ContactUsFormSteps - Entering the message
[INFO ] 2024-01-18 09:45:24.690 [main] ContactUsFormSteps - Click on the send button
[INFO ] 2024-01-18 09:50:38.920 [main] ContactUsFormSteps - Chilternoak Furniture Homepage
[INFO ] 2024-01-18 09:50:42.653 [main] ContactUsFormSteps - Clicking on ContactUs link
[INFO ] 2024-01-18 09:50:45.649 [main] ContactUsFormSteps - Capturing the title of the page
[INFO ] 2024-01-18 09:50:45.666 [main] ContactUsFormSteps - Entering the name
[INFO ] 2024-01-18 09:50:47.758 [main] ContactUsFormSteps - Entering the mail
[INFO ] 2024-01-18 09:50:49.831 [main] ContactUsFormSteps - Entering the Phone
[INFO ] 2024-01-18 09:50:51.923 [main] ContactUsFormSteps - Entering the message
[INFO ] 2024-01-18 09:50:54.024 [main] ContactUsFormSteps - Click on the send button
[INFO ] 2024-01-18 09:51:10.239 [main] ContactUsFormSteps - Chilternoak Furniture Homepage
[INFO ] 2024-01-18 09:51:11.485 [main] ContactUsFormSteps - Clicking on ContactUs link
[INFO ] 2024-01-18 09:51:14.679 [main] ContactUsFormSteps - Capturing the title of the page
[INFO ] 2024-01-18 09:51:14.713 [main] ContactUsFormSteps - Entering the name
[INFO ] 2024-01-18 09:51:16.817 [main] ContactUsFormSteps - Entering the mail
[INFO ] 2024-01-18 09:51:18.897 [main] ContactUsFormSteps - Entering the Phone
[INFO ] 2024-01-18 09:51:20.979 [main] ContactUsFormSteps - Entering the message
[INFO ] 2024-01-18 09:51:23.062 [main] ContactUsFormSteps - Click on the send button
[INFO ] 2024-01-18 09:51:39.241 [main] ContactUsFormSteps - Chilternoak Furniture Homepage
[INFO ] 2024-01-18 09:51:40.381 [main] ContactUsFormSteps - Clicking on ContactUs link
[INFO ] 2024-01-18 09:51:43.346 [main] ContactUsFormSteps - Capturing the title of the page
[INFO ] 2024-01-18 09:51:43.366 [main] ContactUsFormSteps - Entering the name
[INFO ] 2024-01-18 09:51:45.484 [main] ContactUsFormSteps - Entering the mail
[INFO ] 2024-01-18 09:51:47.558 [main] ContactUsFormSteps - Entering the Phone
[INFO ] 2024-01-18 09:51:49.641 [main] ContactUsFormSteps - Entering the message
[INFO ] 2024-01-18 09:51:51.715 [main] ContactUsFormSteps - Click on the send button
[INFO ] 2024-01-18 09:52:07.860 [main] ContactUsFormSteps - Chilternoak Furniture Homepage
[INFO ] 2024-01-18 09:52:08.977 [main] ContactUsFormSteps - Clicking on ContactUs link
[INFO ] 2024-01-18 09:52:12.811 [main] ContactUsFormSteps - Capturing the title of the page
[INFO ] 2024-01-18 09:52:12.824 [main] ContactUsFormSteps - Entering the name
[INFO ] 2024-01-18 09:52:14.896 [main] ContactUsFormSteps - Entering the mail
[INFO ] 2024-01-18 09:52:16.953 [main] ContactUsFormSteps - Entering the Phone
[INFO ] 2024-01-18 09:52:19.030 [main] ContactUsFormSteps - Entering the message
[INFO ] 2024-01-18 09:52:21.116 [main] ContactUsFormSteps - Click on the send button
[INFO ] 2024-01-18 09:52:39.559 [main] ContactUsFormSteps - Chilternoak Furniture Homepage
[INFO ] 2024-01-18 09:52:41.879 [main] ContactUsFormSteps - Clicking on ContactUs link
[INFO ] 2024-01-18 09:52:45.891 [main] ContactUsFormSteps - Capturing the title of the page
[INFO ] 2024-01-18 09:52:45.901 [main] ContactUsFormSteps - Entering the name
[INFO ] 2024-01-18 09:52:47.990 [main] ContactUsFormSteps - Entering the mail
[INFO ] 2024-01-18 09:52:50.068 [main] ContactUsFormSteps - Entering the Phone
[INFO ] 2024-01-18 09:52:52.148 [main] ContactUsFormSteps - Entering the message
[INFO ] 2024-01-18 09:52:54.236 [main] ContactUsFormSteps - Click on the send button
[INFO ] 2024-01-18 11:07:22.637 [main] ContactUsFormSteps - Chilternoak Furniture Homepage
[INFO ] 2024-01-18 11:07:27.146 [main] ContactUsFormSteps - Clicking on ContactUs link
[INFO ] 2024-01-18 11:07:31.493 [main] ContactUsFormSteps - Capturing the title of the page
[INFO ] 2024-01-18 11:07:31.538 [main] ContactUsFormSteps - Entering the name
[INFO ] 2024-01-18 11:07:33.602 [main] ContactUsFormSteps - Entering the mail
[INFO ] 2024-01-18 11:07:35.697 [main] ContactUsFormSteps - Entering the Phone
[INFO ] 2024-01-18 11:07:37.797 [main] ContactUsFormSteps - Entering the message
[INFO ] 2024-01-18 11:07:39.889 [main] ContactUsFormSteps - Click on the send button
[INFO ] 2024-01-18 11:07:56.121 [main] ContactUsFormSteps - Chilternoak Furniture Homepage
[INFO ] 2024-01-18 11:07:58.766 [main] ContactUsFormSteps - Clicking on ContactUs link
[INFO ] 2024-01-18 11:08:02.613 [main] ContactUsFormSteps - Capturing the title of the page
[INFO ] 2024-01-18 11:08:02.623 [main] ContactUsFormSteps - Entering the name
[INFO ] 2024-01-18 11:08:04.727 [main] ContactUsFormSteps - Entering the mail
[INFO ] 2024-01-18 11:08:06.806 [main] ContactUsFormSteps - Entering the Phone
[INFO ] 2024-01-18 11:08:08.887 [main] ContactUsFormSteps - Entering the message
[INFO ] 2024-01-18 11:08:10.978 [main] ContactUsFormSteps - Click on the send button
[INFO ] 2024-01-18 11:08:27.139 [main] ContactUsFormSteps - Chilternoak Furniture Homepage
[INFO ] 2024-01-18 11:08:30.379 [main] ContactUsFormSteps - Clicking on ContactUs link
[INFO ] 2024-01-18 11:08:34.170 [main] ContactUsFormSteps - Capturing the title of the page
[INFO ] 2024-01-18 11:08:34.177 [main] ContactUsFormSteps - Entering the name
[INFO ] 2024-01-18 11:08:36.263 [main] ContactUsFormSteps - Entering the mail
[INFO ] 2024-01-18 11:08:38.346 [main] ContactUsFormSteps - Entering the Phone
[INFO ] 2024-01-18 11:08:40.413 [main] ContactUsFormSteps - Entering the message
[INFO ] 2024-01-18 11:08:42.466 [main] ContactUsFormSteps - Click on the send button
[INFO ] 2024-01-18 11:09:00.790 [main] ContactUsFormSteps - Chilternoak Furniture Homepage
[INFO ] 2024-01-18 11:09:03.524 [main] ContactUsFormSteps - Clicking on ContactUs link
[INFO ] 2024-01-18 11:09:07.194 [main] ContactUsFormSteps - Capturing the title of the page
[INFO ] 2024-01-18 11:09:07.203 [main] ContactUsFormSteps - Entering the name
[INFO ] 2024-01-18 11:09:09.290 [main] ContactUsFormSteps - Entering the mail
[INFO ] 2024-01-18 11:09:11.376 [main] ContactUsFormSteps - Entering the Phone
[INFO ] 2024-01-18 11:09:13.445 [main] ContactUsFormSteps - Entering the message
[INFO ] 2024-01-18 11:09:15.537 [main] ContactUsFormSteps - Click on the send button
[INFO ] 2024-01-18 11:09:33.695 [main] ContactUsFormSteps - Chilternoak Furniture Homepage
[INFO ] 2024-01-18 11:09:36.027 [main] ContactUsFormSteps - Clicking on ContactUs link
[INFO ] 2024-01-18 11:09:38.769 [main] ContactUsFormSteps - Capturing the title of the page
[INFO ] 2024-01-18 11:09:38.797 [main] ContactUsFormSteps - Entering the name
[INFO ] 2024-01-18 11:09:40.919 [main] ContactUsFormSteps - Entering the mail
[INFO ] 2024-01-18 11:09:43.002 [main] ContactUsFormSteps - Entering the Phone
[INFO ] 2024-01-18 11:09:45.095 [main] ContactUsFormSteps - Entering the message
[INFO ] 2024-01-18 11:09:47.192 [main] ContactUsFormSteps - Click on the send button
[INFO ] 2024-01-18 11:48:19.966 [main] ContactUsFormSteps - Chilternoak Furniture Homepage
[INFO ] 2024-01-18 11:48:24.478 [main] ContactUsFormSteps - Clicking on ContactUs link
[INFO ] 2024-01-18 11:48:28.948 [main] ContactUsFormSteps - Capturing the title of the page
[INFO ] 2024-01-18 11:48:28.965 [main] ContactUsFormSteps - Entering the name
[INFO ] 2024-01-18 11:48:31.080 [main] ContactUsFormSteps - Entering the mail
[INFO ] 2024-01-18 11:48:33.162 [main] ContactUsFormSteps - Entering the Phone
[INFO ] 2024-01-18 11:48:35.286 [main] ContactUsFormSteps - Entering the message
[INFO ] 2024-01-18 11:48:37.416 [main] ContactUsFormSteps - Click on the send button
[INFO ] 2024-01-18 11:48:53.622 [main] ContactUsFormSteps - Chilternoak Furniture Homepage
[INFO ] 2024-01-18 11:48:56.425 [main] ContactUsFormSteps - Clicking on ContactUs link
[INFO ] 2024-01-18 11:49:00.281 [main] ContactUsFormSteps - Capturing the title of the page
[INFO ] 2024-01-18 11:49:00.300 [main] ContactUsFormSteps - Entering the name
[INFO ] 2024-01-18 11:49:02.399 [main] ContactUsFormSteps - Entering the mail
[INFO ] 2024-01-18 11:49:04.508 [main] ContactUsFormSteps - Entering the Phone
[INFO ] 2024-01-18 11:49:06.596 [main] ContactUsFormSteps - Entering the message
[INFO ] 2024-01-18 11:49:08.678 [main] ContactUsFormSteps - Click on the send button
[INFO ] 2024-01-18 11:49:24.848 [main] ContactUsFormSteps - Chilternoak Furniture Homepage
[INFO ] 2024-01-18 11:49:26.639 [main] ContactUsFormSteps - Clicking on ContactUs link
[INFO ] 2024-01-18 11:49:29.915 [main] ContactUsFormSteps - Capturing the title of the page
[INFO ] 2024-01-18 11:49:29.935 [main] ContactUsFormSteps - Entering the name
[INFO ] 2024-01-18 11:49:32.041 [main] ContactUsFormSteps - Entering the mail
[INFO ] 2024-01-18 11:49:34.102 [main] ContactUsFormSteps - Entering the Phone
[INFO ] 2024-01-18 11:49:36.178 [main] ContactUsFormSteps - Entering the message
[INFO ] 2024-01-18 11:49:38.250 [main] ContactUsFormSteps - Click on the send button
[INFO ] 2024-01-18 11:49:56.784 [main] ContactUsFormSteps - Chilternoak Furniture Homepage
[INFO ] 2024-01-18 11:49:58.479 [main] ContactUsFormSteps - Clicking on ContactUs link
[INFO ] 2024-01-18 11:50:01.969 [main] ContactUsFormSteps - Capturing the title of the page
[INFO ] 2024-01-18 11:50:01.983 [main] ContactUsFormSteps - Entering the name
[INFO ] 2024-01-18 11:50:04.052 [main] ContactUsFormSteps - Entering the mail
[INFO ] 2024-01-18 11:50:06.132 [main] ContactUsFormSteps - Entering the Phone
[INFO ] 2024-01-18 11:50:08.231 [main] ContactUsFormSteps - Entering the message
[INFO ] 2024-01-18 11:50:10.309 [main] ContactUsFormSteps - Click on the send button
[INFO ] 2024-01-18 11:50:26.517 [main] ContactUsFormSteps - Chilternoak Furniture Homepage
[INFO ] 2024-01-18 11:50:29.839 [main] ContactUsFormSteps - Clicking on ContactUs link
[INFO ] 2024-01-18 11:50:34.867 [main] ContactUsFormSteps - Capturing the title of the page
[INFO ] 2024-01-18 11:50:34.882 [main] ContactUsFormSteps - Entering the name
[INFO ] 2024-01-18 11:50:36.978 [main] ContactUsFormSteps - Entering the mail
[INFO ] 2024-01-18 11:50:39.070 [main] ContactUsFormSteps - Entering the Phone
[INFO ] 2024-01-18 11:50:41.157 [main] ContactUsFormSteps - Entering the message
[INFO ] 2024-01-18 11:50:43.297 [main] ContactUsFormSteps - Click on the send button
[INFO ] 2024-01-18 13:17:21.450 [main] ContactUsFormSteps - Chilternoak Furniture Homepage
[INFO ] 2024-01-18 13:17:26.461 [main] ContactUsFormSteps - Clicking on ContactUs link
[INFO ] 2024-01-18 13:17:38.994 [main] ContactUsFormSteps - Capturing the title of the page
[INFO ] 2024-01-18 13:17:39.007 [main] ContactUsFormSteps - Entering the name
[INFO ] 2024-01-18 13:17:41.092 [main] ContactUsFormSteps - Entering the mail
[INFO ] 2024-01-18 13:17:43.171 [main] ContactUsFormSteps - Entering the Phone
[INFO ] 2024-01-18 13:17:45.254 [main] ContactUsFormSteps - Entering the message
[INFO ] 2024-01-18 13:17:47.351 [main] ContactUsFormSteps - Click on the send button
[INFO ] 2024-01-18 13:18:03.520 [main] ContactUsFormSteps - Chilternoak Furniture Homepage
[INFO ] 2024-01-18 13:18:05.989 [main] ContactUsFormSteps - Clicking on ContactUs link
[INFO ] 2024-01-18 13:18:09.613 [main] ContactUsFormSteps - Capturing the title of the page
[INFO ] 2024-01-18 13:18:09.621 [main] ContactUsFormSteps - Entering the name
[INFO ] 2024-01-18 13:18:11.729 [main] ContactUsFormSteps - Entering the mail
[INFO ] 2024-01-18 13:18:13.810 [main] ContactUsFormSteps - Entering the Phone
[INFO ] 2024-01-18 13:18:15.912 [main] ContactUsFormSteps - Entering the message
[INFO ] 2024-01-18 13:18:18.007 [main] ContactUsFormSteps - Click on the send button
[INFO ] 2024-01-18 13:18:34.180 [main] ContactUsFormSteps - Chilternoak Furniture Homepage
[INFO ] 2024-01-18 13:18:36.770 [main] ContactUsFormSteps - Clicking on ContactUs link
[INFO ] 2024-01-18 13:18:39.798 [main] ContactUsFormSteps - Capturing the title of the page
[INFO ] 2024-01-18 13:18:39.817 [main] ContactUsFormSteps - Entering the name
[INFO ] 2024-01-18 13:18:41.913 [main] ContactUsFormSteps - Entering the mail
[INFO ] 2024-01-18 13:18:43.979 [main] ContactUsFormSteps - Entering the Phone
[INFO ] 2024-01-18 13:18:46.037 [main] ContactUsFormSteps - Entering the message
[INFO ] 2024-01-18 13:18:48.102 [main] ContactUsFormSteps - Click on the send button
[INFO ] 2024-01-18 13:19:04.322 [main] ContactUsFormSteps - Chilternoak Furniture Homepage
[INFO ] 2024-01-18 13:19:06.666 [main] ContactUsFormSteps - Clicking on ContactUs link
[INFO ] 2024-01-18 13:19:09.719 [main] ContactUsFormSteps - Capturing the title of the page
[INFO ] 2024-01-18 13:19:09.735 [main] ContactUsFormSteps - Entering the name
[INFO ] 2024-01-18 13:19:11.849 [main] ContactUsFormSteps - Entering the mail
[INFO ] 2024-01-18 13:19:13.939 [main] ContactUsFormSteps - Entering the Phone
[INFO ] 2024-01-18 13:19:16.014 [main] ContactUsFormSteps - Entering the message
[INFO ] 2024-01-18 13:19:18.103 [main] ContactUsFormSteps - Click on the send button
[INFO ] 2024-01-18 13:19:34.301 [main] ContactUsFormSteps - Chilternoak Furniture Homepage
[INFO ] 2024-01-18 13:19:36.547 [main] ContactUsFormSteps - Clicking on ContactUs link
[INFO ] 2024-01-18 13:19:39.657 [main] ContactUsFormSteps - Capturing the title of the page
[INFO ] 2024-01-18 13:19:39.678 [main] ContactUsFormSteps - Entering the name
[INFO ] 2024-01-18 13:19:41.792 [main] ContactUsFormSteps - Entering the mail
[INFO ] 2024-01-18 13:19:43.889 [main] ContactUsFormSteps - Entering the Phone
[INFO ] 2024-01-18 13:19:46.018 [main] ContactUsFormSteps - Entering the message
[INFO ] 2024-01-18 13:19:48.120 [main] ContactUsFormSteps - Click on the send button
[INFO ] 2024-01-18 13:36:42.846 [main] ContactUsFormSteps - Chilternoak Furniture Homepage
[INFO ] 2024-01-18 13:36:46.307 [main] ContactUsFormSteps - Clicking on ContactUs link
[INFO ] 2024-01-18 13:36:56.808 [main] ContactUsFormSteps - Capturing the title of the page
[INFO ] 2024-01-18 13:36:56.823 [main] ContactUsFormSteps - Entering the name
[INFO ] 2024-01-18 13:36:58.968 [main] ContactUsFormSteps - Entering the mail
[INFO ] 2024-01-18 13:37:01.146 [main] ContactUsFormSteps - Entering the Phone
[INFO ] 2024-01-18 13:37:03.228 [main] ContactUsFormSteps - Entering the message
[INFO ] 2024-01-18 13:37:05.371 [main] ContactUsFormSteps - Click on the send button
[INFO ] 2024-01-18 13:37:21.533 [main] ContactUsFormSteps - Chilternoak Furniture Homepage
[INFO ] 2024-01-18 13:37:24.421 [main] ContactUsFormSteps - Clicking on ContactUs link
[INFO ] 2024-01-18 13:37:28.303 [main] ContactUsFormSteps - Capturing the title of the page
[INFO ] 2024-01-18 13:37:28.316 [main] ContactUsFormSteps - Entering the name
[INFO ] 2024-01-18 13:37:30.408 [main] ContactUsFormSteps - Entering the mail
[INFO ] 2024-01-18 13:37:32.485 [main] ContactUsFormSteps - Entering the Phone
[INFO ] 2024-01-18 13:37:34.581 [main] ContactUsFormSteps - Entering the message
[INFO ] 2024-01-18 13:37:36.724 [main] ContactUsFormSteps - Click on the send button
[INFO ] 2024-01-18 13:37:52.892 [main] ContactUsFormSteps - Chilternoak Furniture Homepage
[INFO ] 2024-01-18 13:37:55.641 [main] ContactUsFormSteps - Clicking on ContactUs link
[INFO ] 2024-01-18 13:37:59.961 [main] ContactUsFormSteps - Capturing the title of the page
[INFO ] 2024-01-18 13:37:59.971 [main] ContactUsFormSteps - Entering the name
[INFO ] 2024-01-18 13:38:02.036 [main] ContactUsFormSteps - Entering the mail
[INFO ] 2024-01-18 13:38:04.119 [main] ContactUsFormSteps - Entering the Phone
[INFO ] 2024-01-18 13:38:06.210 [main] ContactUsFormSteps - Entering the message
[INFO ] 2024-01-18 13:38:08.302 [main] ContactUsFormSteps - Click on the send button
[INFO ] 2024-01-18 13:38:25.929 [main] ContactUsFormSteps - Chilternoak Furniture Homepage
[INFO ] 2024-01-18 13:38:27.366 [main] ContactUsFormSteps - Clicking on ContactUs link
[INFO ] 2024-01-18 13:38:30.658 [main] ContactUsFormSteps - Capturing the title of the page
[INFO ] 2024-01-18 13:38:30.693 [main] ContactUsFormSteps - Entering the name
[INFO ] 2024-01-18 13:38:32.786 [main] ContactUsFormSteps - Entering the mail
[INFO ] 2024-01-18 13:38:34.858 [main] ContactUsFormSteps - Entering the Phone
[INFO ] 2024-01-18 13:38:36.941 [main] ContactUsFormSteps - Entering the message
[INFO ] 2024-01-18 13:38:39.033 [main] ContactUsFormSteps - Click on the send button
[INFO ] 2024-01-18 13:38:55.238 [main] ContactUsFormSteps - Chilternoak Furniture Homepage
[INFO ] 2024-01-18 13:38:57.930 [main] ContactUsFormSteps - Clicking on ContactUs link
[INFO ] 2024-01-18 13:39:01.758 [main] ContactUsFormSteps - Capturing the title of the page
[INFO ] 2024-01-18 13:39:01.773 [main] ContactUsFormSteps - Entering the name
[INFO ] 2024-01-18 13:39:03.904 [main] ContactUsFormSteps - Entering the mail
[INFO ] 2024-01-18 13:39:06.026 [main] ContactUsFormSteps - Entering the Phone
[INFO ] 2024-01-18 13:39:08.110 [main] ContactUsFormSteps - Entering the message
[INFO ] 2024-01-18 13:39:10.247 [main] ContactUsFormSteps - Click on the send button
[INFO ] 2024-01-18 14:57:33.659 [main] ContactUsFormSteps - Chilternoak Furniture Homepage
[INFO ] 2024-01-18 14:57:40.049 [main] ContactUsFormSteps - Clicking on ContactUs link
[INFO ] 2024-01-18 14:57:44.244 [main] ContactUsFormSteps - Capturing the title of the page
[INFO ] 2024-01-18 14:57:44.273 [main] ContactUsFormSteps - Entering the name
[INFO ] 2024-01-18 14:57:46.397 [main] ContactUsFormSteps - Entering the mail
[INFO ] 2024-01-18 14:57:48.485 [main] ContactUsFormSteps - Entering the Phone
[INFO ] 2024-01-18 14:57:50.549 [main] ContactUsFormSteps - Entering the message
[INFO ] 2024-01-18 14:57:52.631 [main] ContactUsFormSteps - Click on the send button
[INFO ] 2024-01-18 14:58:08.843 [main] ContactUsFormSteps - Chilternoak Furniture Homepage
[INFO ] 2024-01-18 14:58:10.217 [main] ContactUsFormSteps - Clicking on ContactUs link
[INFO ] 2024-01-18 14:58:13.229 [main] ContactUsFormSteps - Capturing the title of the page
[INFO ] 2024-01-18 14:58:13.244 [main] ContactUsFormSteps - Entering the name
[INFO ] 2024-01-18 14:58:15.357 [main] ContactUsFormSteps - Entering the mail
[INFO ] 2024-01-18 14:58:17.427 [main] ContactUsFormSteps - Entering the Phone
[INFO ] 2024-01-18 14:58:19.503 [main] ContactUsFormSteps - Entering the message
[INFO ] 2024-01-18 14:58:21.593 [main] ContactUsFormSteps - Click on the send button
[INFO ] 2024-01-18 14:58:37.778 [main] ContactUsFormSteps - Chilternoak Furniture Homepage
[INFO ] 2024-01-18 14:58:39.451 [main] ContactUsFormSteps - Clicking on ContactUs link
[INFO ] 2024-01-18 14:58:43.395 [main] ContactUsFormSteps - Capturing the title of the page
[INFO ] 2024-01-18 14:58:43.405 [main] ContactUsFormSteps - Entering the name
[INFO ] 2024-01-18 14:58:45.497 [main] ContactUsFormSteps - Entering the mail
[INFO ] 2024-01-18 14:58:47.558 [main] ContactUsFormSteps - Entering the Phone
[INFO ] 2024-01-18 14:58:49.643 [main] ContactUsFormSteps - Entering the message
[INFO ] 2024-01-18 14:58:51.722 [main] ContactUsFormSteps - Click on the send button
[INFO ] 2024-01-18 14:59:10.034 [main] ContactUsFormSteps - Chilternoak Furniture Homepage
[INFO ] 2024-01-18 14:59:12.358 [main] ContactUsFormSteps - Clicking on ContactUs link
[INFO ] 2024-01-18 14:59:16.081 [main] ContactUsFormSteps - Capturing the title of the page
[INFO ] 2024-01-18 14:59:16.089 [main] ContactUsFormSteps - Entering the name
[INFO ] 2024-01-18 14:59:18.199 [main] ContactUsFormSteps - Entering the mail
[INFO ] 2024-01-18 14:59:20.294 [main] ContactUsFormSteps - Entering the Phone
[INFO ] 2024-01-18 14:59:22.372 [main] ContactUsFormSteps - Entering the message
[INFO ] 2024-01-18 14:59:24.455 [main] ContactUsFormSteps - Click on the send button
[INFO ] 2024-01-18 14:59:40.621 [main] ContactUsFormSteps - Chilternoak Furniture Homepage
[INFO ] 2024-01-18 14:59:43.127 [main] ContactUsFormSteps - Clicking on ContactUs link
[INFO ] 2024-01-18 14:59:46.828 [main] ContactUsFormSteps - Capturing the title of the page
[INFO ] 2024-01-18 14:59:46.837 [main] ContactUsFormSteps - Entering the name
[INFO ] 2024-01-18 14:59:48.936 [main] ContactUsFormSteps - Entering the mail
[INFO ] 2024-01-18 14:59:51.037 [main] ContactUsFormSteps - Entering the Phone
[INFO ] 2024-01-18 14:59:53.120 [main] ContactUsFormSteps - Entering the message
[INFO ] 2024-01-18 14:59:55.217 [main] ContactUsFormSteps - Click on the send button
[INFO ] 2024-01-18 16:38:33.482 [main] ContactUsFormSteps - Chilternoak Furniture Homepage
[INFO ] 2024-01-18 16:38:37.768 [main] ContactUsFormSteps - Clicking on ContactUs link
[INFO ] 2024-01-18 16:38:41.898 [main] ContactUsFormSteps - Capturing the title of the page
[INFO ] 2024-01-18 16:38:41.932 [main] ContactUsFormSteps - Entering the name
[INFO ] 2024-01-18 16:38:44.039 [main] ContactUsFormSteps - Entering the mail
[INFO ] 2024-01-18 16:38:46.117 [main] ContactUsFormSteps - Entering the Phone
[INFO ] 2024-01-18 16:38:48.220 [main] ContactUsFormSteps - Entering the message
[INFO ] 2024-01-18 16:38:50.313 [main] ContactUsFormSteps - Click on the send button
[INFO ] 2024-01-18 16:39:37.459 [main] ContactUsFormSteps - Messaged displayed
[INFO ] 2024-01-18 16:39:37.521 [main] ContactUsFormSteps - Chilternoak Furniture Homepage
[INFO ] 2024-01-18 16:39:38.902 [main] ContactUsFormSteps - Clicking on ContactUs link
[INFO ] 2024-01-18 16:39:42.840 [main] ContactUsFormSteps - Capturing the title of the page
[INFO ] 2024-01-18 16:39:42.868 [main] ContactUsFormSteps - Entering the name
[INFO ] 2024-01-18 16:39:44.956 [main] ContactUsFormSteps - Entering the mail
[INFO ] 2024-01-18 16:39:47.030 [main] ContactUsFormSteps - Entering the Phone
[INFO ] 2024-01-18 16:39:49.104 [main] ContactUsFormSteps - Entering the message
[INFO ] 2024-01-18 16:39:51.196 [main] ContactUsFormSteps - Click on the send button
[INFO ] 2024-01-18 16:40:38.311 [main] ContactUsFormSteps - Messaged displayed
[INFO ] 2024-01-18 16:40:38.414 [main] ContactUsFormSteps - Chilternoak Furniture Homepage
[INFO ] 2024-01-18 16:40:40.942 [main] ContactUsFormSteps - Clicking on ContactUs link
[INFO ] 2024-01-18 16:40:44.906 [main] ContactUsFormSteps - Capturing the title of the page
[INFO ] 2024-01-18 16:40:44.919 [main] ContactUsFormSteps - Entering the name
[INFO ] 2024-01-18 16:40:46.999 [main] ContactUsFormSteps - Entering the mail
[INFO ] 2024-01-18 16:40:49.030 [main] ContactUsFormSteps - Chilternoak Furniture Homepage
[INFO ] 2024-01-18 16:40:49.079 [main] ContactUsFormSteps - Chilternoak Furniture Homepage
[INFO ] 2024-01-18 16:44:08.047 [main] ContactUsFormSteps - Chilternoak Furniture Homepage
[INFO ] 2024-01-18 16:44:12.376 [main] ContactUsFormSteps - Clicking on ContactUs link
[INFO ] 2024-01-18 16:44:16.850 [main] ContactUsFormSteps - Capturing the title of the page
[INFO ] 2024-01-18 16:44:16.866 [main] ContactUsFormSteps - Entering the name
[INFO ] 2024-01-18 16:44:18.957 [main] ContactUsFormSteps - Entering the mail
[INFO ] 2024-01-18 16:44:21.039 [main] ContactUsFormSteps - Entering the Phone
[INFO ] 2024-01-18 16:44:23.127 [main] ContactUsFormSteps - Entering the message
[INFO ] 2024-01-18 16:44:25.217 [main] ContactUsFormSteps - Click on the send button
[INFO ] 2024-01-18 16:45:22.358 [main] ContactUsFormSteps - Messaged displayed
[INFO ] 2024-01-18 16:45:22.407 [main] ContactUsFormSteps - Chilternoak Furniture Homepage
[INFO ] 2024-01-18 16:45:25.252 [main] ContactUsFormSteps - Clicking on ContactUs link
[INFO ] 2024-01-18 16:45:29.360 [main] ContactUsFormSteps - Capturing the title of the page
[INFO ] 2024-01-18 16:45:29.380 [main] ContactUsFormSteps - Entering the name
[INFO ] 2024-01-18 16:45:31.471 [main] ContactUsFormSteps - Entering the mail
[INFO ] 2024-01-18 16:45:33.535 [main] ContactUsFormSteps - Entering the Phone
[INFO ] 2024-01-18 16:45:35.598 [main] ContactUsFormSteps - Entering the message
[INFO ] 2024-01-18 16:45:37.674 [main] ContactUsFormSteps - Click on the send button
[INFO ] 2024-01-18 16:46:34.895 [main] ContactUsFormSteps - Messaged displayed
[INFO ] 2024-01-18 16:46:34.945 [main] ContactUsFormSteps - Chilternoak Furniture Homepage
[INFO ] 2024-01-18 16:46:36.731 [main] ContactUsFormSteps - Clicking on ContactUs link
[INFO ] 2024-01-18 16:46:40.023 [main] ContactUsFormSteps - Capturing the title of the page
[INFO ] 2024-01-18 16:46:40.044 [main] ContactUsFormSteps - Entering the name
[INFO ] 2024-01-18 16:46:42.137 [main] ContactUsFormSteps - Entering the mail
[INFO ] 2024-01-18 16:46:44.188 [main] ContactUsFormSteps - Entering the Phone
[INFO ] 2024-01-18 16:46:46.262 [main] ContactUsFormSteps - Entering the message
[INFO ] 2024-01-18 16:46:48.331 [main] ContactUsFormSteps - Click on the send button
[INFO ] 2024-01-18 16:47:45.433 [main] ContactUsFormSteps - Messaged displayed
[INFO ] 2024-01-18 16:47:45.481 [main] ContactUsFormSteps - Chilternoak Furniture Homepage
[INFO ] 2024-01-18 16:47:48.052 [main] ContactUsFormSteps - Clicking on ContactUs link
[INFO ] 2024-01-18 16:47:51.389 [main] ContactUsFormSteps - Capturing the title of the page
[INFO ] 2024-01-18 16:47:51.405 [main] ContactUsFormSteps - Entering the name
[INFO ] 2024-01-18 16:47:53.500 [main] ContactUsFormSteps - Entering the mail
[INFO ] 2024-01-18 16:47:55.591 [main] ContactUsFormSteps - Entering the Phone
[INFO ] 2024-01-18 16:47:57.691 [main] ContactUsFormSteps - Entering the message
[INFO ] 2024-01-18 16:47:59.771 [main] ContactUsFormSteps - Click on the send button
[INFO ] 2024-01-18 16:48:56.877 [main] ContactUsFormSteps - Messaged displayed
[INFO ] 2024-01-18 16:48:56.923 [main] ContactUsFormSteps - Chilternoak Furniture Homepage
[INFO ] 2024-01-18 16:48:59.150 [main] ContactUsFormSteps - Clicking on ContactUs link
[INFO ] 2024-01-18 16:49:02.768 [main] ContactUsFormSteps - Capturing the title of the page
[INFO ] 2024-01-18 16:49:02.776 [main] ContactUsFormSteps - Entering the name
[INFO ] 2024-01-18 16:49:04.871 [main] ContactUsFormSteps - Entering the mail
[INFO ] 2024-01-18 16:49:06.945 [main] ContactUsFormSteps - Entering the Phone
[INFO ] 2024-01-18 16:49:09.028 [main] ContactUsFormSteps - Entering the message
[INFO ] 2024-01-18 16:49:11.115 [main] ContactUsFormSteps - Click on the send button
[INFO ] 2024-01-18 16:50:10.292 [main] ContactUsFormSteps - Messaged displayed
[INFO ] 2024-01-18 17:20:47.657 [main] ContactUsFormSteps - Chilternoak Furniture Homepage
[INFO ] 2024-01-18 17:20:54.517 [main] ContactUsFormSteps - Clicking on ContactUs link
[INFO ] 2024-01-18 17:20:59.152 [main] ContactUsFormSteps - Capturing the title of the page
[INFO ] 2024-01-18 17:20:59.170 [main] ContactUsFormSteps - Entering the name
[INFO ] 2024-01-18 17:21:01.256 [main] ContactUsFormSteps - Entering the mail
[INFO ] 2024-01-18 17:21:03.336 [main] ContactUsFormSteps - Entering the Phone
[INFO ] 2024-01-18 17:21:05.426 [main] ContactUsFormSteps - Entering the message
[INFO ] 2024-01-18 17:21:07.523 [main] ContactUsFormSteps - Click on the send button
[INFO ] 2024-01-18 17:21:23.680 [main] ContactUsFormSteps - Messaged displayed
[INFO ] 2024-01-18 17:21:23.733 [main] ContactUsFormSteps - Chilternoak Furniture Homepage
[INFO ] 2024-01-18 17:21:26.380 [main] ContactUsFormSteps - Clicking on ContactUs link
[INFO ] 2024-01-18 17:21:29.453 [main] ContactUsFormSteps - Capturing the title of the page
[INFO ] 2024-01-18 17:21:29.479 [main] ContactUsFormSteps - Entering the name
[INFO ] 2024-01-18 17:21:31.552 [main] ContactUsFormSteps - Entering the mail
[INFO ] 2024-01-18 17:21:33.616 [main] ContactUsFormSteps - Entering the Phone
[INFO ] 2024-01-18 17:21:35.703 [main] ContactUsFormSteps - Entering the message
[INFO ] 2024-01-18 17:21:37.795 [main] ContactUsFormSteps - Click on the send button
[INFO ] 2024-01-18 17:21:53.877 [main] ContactUsFormSteps - Messaged displayed
[INFO ] 2024-01-18 17:21:58.949 [main] ContactUsFormSteps - Chilternoak Furniture Homepage
[INFO ] 2024-01-18 17:22:01.193 [main] ContactUsFormSteps - Clicking on ContactUs link
[INFO ] 2024-01-18 17:22:04.423 [main] ContactUsFormSteps - Capturing the title of the page
[INFO ] 2024-01-18 17:22:04.457 [main] ContactUsFormSteps - Entering the name
[INFO ] 2024-01-18 17:22:06.524 [main] ContactUsFormSteps - Entering the mail
[INFO ] 2024-01-18 17:22:08.585 [main] ContactUsFormSteps - Entering the Phone
[INFO ] 2024-01-18 17:22:10.651 [main] ContactUsFormSteps - Entering the message
[INFO ] 2024-01-18 17:22:12.729 [main] ContactUsFormSteps - Click on the send button
[INFO ] 2024-01-18 17:22:31.616 [main] ContactUsFormSteps - Messaged displayed
[INFO ] 2024-01-18 17:22:31.674 [main] ContactUsFormSteps - Chilternoak Furniture Homepage
[INFO ] 2024-01-18 17:22:33.724 [main] ContactUsFormSteps - Clicking on ContactUs link
[INFO ] 2024-01-18 17:22:37.591 [main] ContactUsFormSteps - Capturing the title of the page
[INFO ] 2024-01-18 17:22:37.627 [main] ContactUsFormSteps - Entering the name
[INFO ] 2024-01-18 17:22:39.729 [main] ContactUsFormSteps - Entering the mail
[INFO ] 2024-01-18 17:22:41.813 [main] ContactUsFormSteps - Entering the Phone
[INFO ] 2024-01-18 17:22:43.892 [main] ContactUsFormSteps - Entering the message
[INFO ] 2024-01-18 17:22:45.970 [main] ContactUsFormSteps - Click on the send button
[INFO ] 2024-01-18 17:23:02.047 [main] ContactUsFormSteps - Messaged displayed
[INFO ] 2024-01-18 17:23:07.081 [main] ContactUsFormSteps - Chilternoak Furniture Homepage
[INFO ] 2024-01-18 17:23:10.736 [main] ContactUsFormSteps - Clicking on ContactUs link
[INFO ] 2024-01-18 17:23:14.700 [main] ContactUsFormSteps - Capturing the title of the page
[INFO ] 2024-01-18 17:23:14.706 [main] ContactUsFormSteps - Entering the name
[INFO ] 2024-01-18 17:23:16.794 [main] ContactUsFormSteps - Entering the mail
[INFO ] 2024-01-18 17:23:18.941 [main] ContactUsFormSteps - Entering the Phone
[INFO ] 2024-01-18 17:23:21.047 [main] ContactUsFormSteps - Entering the message
[INFO ] 2024-01-18 17:23:23.125 [main] ContactUsFormSteps - Click on the send button
[INFO ] 2024-01-18 17:23:43.242 [main] ContactUsFormSteps - Messaged displayed
[INFO ] 2024-01-18 19:30:18.928 [main] ContactUsFormSteps - Chilternoak Furniture Homepage
[INFO ] 2024-01-18 19:30:27.256 [main] ContactUsFormSteps - Clicking on ContactUs link
[INFO ] 2024-01-18 19:30:33.213 [main] ContactUsFormSteps - Capturing the title of the page
[INFO ] 2024-01-18 19:30:33.313 [main] ContactUsFormSteps - Entering the name
[INFO ] 2024-01-18 19:30:35.899 [main] ContactUsFormSteps - Entering the mail
[INFO ] 2024-01-18 19:30:38.469 [main] ContactUsFormSteps - Entering the Phone
[INFO ] 2024-01-18 19:30:41.422 [main] ContactUsFormSteps - Entering the message
[INFO ] 2024-01-18 19:30:43.870 [main] ContactUsFormSteps - Click on the send button
[INFO ] 2024-01-18 19:31:00.155 [main] ContactUsFormSteps - Messaged displayed
[INFO ] 2024-01-18 19:31:00.227 [main] ContactUsFormSteps - Chilternoak Furniture Homepage
[INFO ] 2024-01-18 19:31:02.619 [main] ContactUsFormSteps - Clicking on ContactUs link
[INFO ] 2024-01-18 19:31:06.812 [main] ContactUsFormSteps - Capturing the title of the page
[INFO ] 2024-01-18 19:31:06.886 [main] ContactUsFormSteps - Entering the name
[INFO ] 2024-01-18 19:31:09.035 [main] ContactUsFormSteps - Entering the mail
[INFO ] 2024-01-18 19:31:11.132 [main] ContactUsFormSteps - Entering the Phone
[INFO ] 2024-01-18 19:31:13.237 [main] ContactUsFormSteps - Entering the message
[INFO ] 2024-01-18 19:31:15.380 [main] ContactUsFormSteps - Click on the send button
[INFO ] 2024-01-18 19:31:31.567 [main] ContactUsFormSteps - Messaged displayed
[INFO ] 2024-01-18 19:31:31.615 [main] ContactUsFormSteps - Chilternoak Furniture Homepage
[INFO ] 2024-01-18 19:31:33.501 [main] ContactUsFormSteps - Clicking on ContactUs link
[INFO ] 2024-01-18 19:31:36.867 [main] ContactUsFormSteps - Capturing the title of the page
[INFO ] 2024-01-18 19:31:36.887 [main] ContactUsFormSteps - Entering the name
[INFO ] 2024-01-18 19:31:38.940 [main] ContactUsFormSteps - Entering the mail
[INFO ] 2024-01-18 19:31:40.987 [main] ContactUsFormSteps - Entering the Phone
[INFO ] 2024-01-18 19:31:43.038 [main] ContactUsFormSteps - Entering the message
[INFO ] 2024-01-18 19:31:45.081 [main] ContactUsFormSteps - Click on the send button
[INFO ] 2024-01-18 19:32:03.077 [main] ContactUsFormSteps - Messaged displayed
[INFO ] 2024-01-18 19:32:03.135 [main] ContactUsFormSteps - Chilternoak Furniture Homepage
[INFO ] 2024-01-18 19:32:07.092 [main] ContactUsFormSteps - Clicking on ContactUs link
[INFO ] 2024-01-18 19:32:09.873 [main] ContactUsFormSteps - Capturing the title of the page
[INFO ] 2024-01-18 19:32:09.898 [main] ContactUsFormSteps - Entering the name
[INFO ] 2024-01-18 19:32:12.002 [main] ContactUsFormSteps - Entering the mail
[INFO ] 2024-01-18 19:32:14.172 [main] ContactUsFormSteps - Entering the Phone
[INFO ] 2024-01-18 19:32:16.293 [main] ContactUsFormSteps - Entering the message
[INFO ] 2024-01-18 19:32:18.417 [main] ContactUsFormSteps - Click on the send button
[INFO ] 2024-01-18 19:32:34.546 [main] ContactUsFormSteps - Messaged displayed
[INFO ] 2024-01-18 19:32:34.587 [main] ContactUsFormSteps - Chilternoak Furniture Homepage
[INFO ] 2024-01-18 19:32:40.252 [main] ContactUsFormSteps - Clicking on ContactUs link
[INFO ] 2024-01-18 19:32:44.637 [main] ContactUsFormSteps - Capturing the title of the page
[INFO ] 2024-01-18 19:32:44.660 [main] ContactUsFormSteps - Entering the name
[INFO ] 2024-01-18 19:32:46.779 [main] ContactUsFormSteps - Entering the mail
[INFO ] 2024-01-18 19:32:49.010 [main] ContactUsFormSteps - Entering the Phone
[INFO ] 2024-01-18 19:32:51.164 [main] ContactUsFormSteps - Entering the message
[INFO ] 2024-01-18 19:32:53.398 [main] ContactUsFormSteps - Click on the send button
[INFO ] 2024-01-18 19:33:09.581 [main] ContactUsFormSteps - Messaged displayed
